2022-07-12 09:50:40,943 - qtpyvcp - INFO - Logging to /home/travis/linuxcnc/configs/sim.qtpyvcp/sim.log
2022-07-12 09:50:40,944 - qtpyvcp - INFO - QtPyVCP Version: python3_master+273.g268f4593
2022-07-12 09:50:40,944 - qtpyvcp - DEBUG - Qt Version: 5.15.2
2022-07-12 09:50:40,944 - qtpyvcp - DEBUG - Qt API: QT_API
2022-07-12 09:50:40,944 - qtpyvcp - DEBUG - QtPy Version: 2.1.0
2022-07-12 09:50:40,944 - qtpyvcp - DEBUG - Command line options:
{
    "chooser": false,
    "command_line_args": null,
    "config_file": "/home/travis/linuxcnc/configs/sim.qtpyvcp/custom_config.yml",
    "confirm_exit": false,
    "develop": false,
    "fullscreen": null,
    "help": false,
    "hide_cursor": false,
    "hide_menu_bar": false,
    "hide_status_bar": false,
    "info": false,
    "ini": "/home/travis/linuxcnc/configs/sim.qtpyvcp/xyz.ini",
    "log_file": "/home/travis/linuxcnc/configs/sim.qtpyvcp/sim.log",
    "log_level": "DEBUG",
    "maximize": null,
    "perfmon": false,
    "position": null,
    "qt_api": null,
    "size": null,
    "stylesheet": null,
    "theme": null,
    "vcp": "probe_basic",
    "version": false
}
2022-07-12 09:50:40,971 - qtpyvcp.utilities.info - INFO - The machine has 3 axes and 3 joints
2022-07-12 09:50:40,972 - qtpyvcp.utilities.info - INFO - The Axis/Joint mapping is:
2022-07-12 09:50:40,972 - qtpyvcp.utilities.info - INFO - Axis X --> Joint 0
2022-07-12 09:50:40,972 - qtpyvcp.utilities.info - INFO - Axis Y --> Joint 1
2022-07-12 09:50:40,972 - qtpyvcp.utilities.info - INFO - Axis Z --> Joint 2
2022-07-12 09:50:40,972 - qtpyvcp.app.launcher - DEBUG - Time: 0.000 (+0.000) - in script
2022-07-12 09:50:40,978 - qtpyvcp - INFO - QtPyVCP Version: python3_master+273.g268f4593
2022-07-12 09:50:40,978 - qtpyvcp - DEBUG - Qt Version: 5.15.2
2022-07-12 09:50:40,978 - qtpyvcp - DEBUG - Qt API: QT_API
2022-07-12 09:50:40,978 - qtpyvcp - DEBUG - QtPy Version: 2.1.0
2022-07-12 09:50:40,978 - qtpyvcp - DEBUG - Command line options:
{
    "chooser": false,
    "command_line_args": null,
    "config_file": "/home/travis/linuxcnc/configs/sim.qtpyvcp/custom_config.yml",
    "confirm_exit": false,
    "develop": false,
    "fullscreen": null,
    "help": false,
    "hide_cursor": false,
    "hide_menu_bar": false,
    "hide_status_bar": false,
    "info": false,
    "ini": "/home/travis/linuxcnc/configs/sim.qtpyvcp/xyz.ini",
    "log_file": "/home/travis/linuxcnc/configs/sim.qtpyvcp/sim.log",
    "log_level": "DEBUG",
    "maximize": null,
    "perfmon": false,
    "position": null,
    "qt_api": null,
    "size": null,
    "stylesheet": null,
    "theme": null,
    "vcp": "probe_basic",
    "version": false
}
2022-07-12 09:50:41,060 - qtpyvcp.utilities.config_loader - DEBUG - Loading config files: ['/home/travis/linuxcnc/configs/sim.qtpyvcp/custom_config.yml', '/home/travis/.local/lib/python3.9/site-packages/probe_basic/probe_basic.yml', '/home/travis/.local/lib/python3.9/site-packages/qtpyvcp/yaml_lib/default_config.yml']
2022-07-12 09:50:41,767 - qtpyvcp.utilities.config_loader - DEBUG - Merged YAML config:

default_menubar:
- title: File
  items:
  - title: '&Open ...'
    action: win.openFile
    shortcut: ctrl+o
  - title: '&Recent Files'
    provider: qtpyvcp.widgets.recent_files_menu:RecentFilesMenu
  - title: '&Reload'
    action: program.reload
  - title: '&Close'
    action: program.clear
  - title: Save &As
    action: null
  - separator
  - title: Edit ToolTable
    action: win.showDialog
    args:
    - tool_edit
  - separator
  - title: Exit
    action: app.exit
    shortcut: ctrl+q
- title: Machine
  items:
  - title: Toggle E-Stop
    action: machine.estop.toggle
    shortcut: F1
  - title: Toggle Power
    action: machine.power.toggle
    shortcut: F2
  - separator
  - title: Run Program
    action: program.run
    shortcut: R
  - title: Step
    action: program.step
    shortcut: T
  - title: Pause
    action: program.pause
    shortcut: P
  - title: Resume
    action: program.resume
    shortcut: R
  - title: Abort
    action: program.abort
    shortcut: esc
  - title: Optional Stop
    action: program.optional_stop.toggle
  - title: Optional Skip
    action: program.optional_skip.toggle
  - separator
  - title: Homing
    provider: qtpyvcp.widgets.menus.homing_menu:HomingMenu
  - title: Cooling
    items:
    - title: Flood
      action: coolant.flood.toggle
      shortcut: F7
    - title: Mist
      action: coolant.mist.toggle
      shortcut: F8
  - title: Set Work Offsets
    action: win.showDialog
    args:
    - set_work_offsets
  - separator
  - title: Override Limits
    action: machine.override_limits
- title: Settings
  items:
  - title: Show On-screen Keyboard
    action: settings.virtual-input.enable
- title: View
  items:
  - title: Show Gridlines
    action: settings.backplot.show-grid
  - separator
  - title: Show Machine Bounds
    action: settings.backplot.show-machine-bounds
  - title: Show Machine Labels
    action: settings.backplot.show-machine-labels
  - title: Show Machine Ticks
    action: settings.backplot.show-machine-ticks
  - separator
  - title: Show Program Bounds
    action: settings.backplot.show-program-bounds
  - title: Use Colors for Motion type
    action: settings.backplot.multitool-colors
  - separator
  - title: Perspective View
    action: settings.backplot.perspective-view
  - title: View Angle
    action: settings.backplot.view
- title: Tools
  items:
  - title: HAL Meter
    action: tool.halmeter
  - title: HAL Scope
    action: tool.halscope
  - title: HAL Show
    action: tool.halshow
  - title: LCNC Status
    action: tool.status
  - title: Calibration
    action: tool.calibration
  - title: Classicladder PLC
    action: tool.classicladder
  - title: Simulated Probe
    action: tool.simulate_probe
- title: About
  items:
  - title: About QtPyVCP
    action: win.showDialog
    args:
    - about_qtpyvcp
  - title: About Qt
    action: app.aboutQt
vcp:
  name: Probe Basic
  version: v0.0.1
  author: Chris Polanski
  description: Probe Basic description ...
  persistent_data_manager:
    provider: qtpyvcp.plugins.persistent_data_manager:PersistentDataManager
    kwargs:
      serialization_method: pickle
  notifications:
    provider: qtpyvcp.plugins.notifications:Notifications
    kwargs:
      enabled: true
      mode: native
      max_messages: 5
      persistent: true
windows:
  mainwindow:
    provider: probe_basic.probe_basic:ProbeBasic
    kwargs:
      menu: &id001
      - title: File
        items:
        - title: '&Open ...'
          action: win.openFile
          shortcut: ctrl+o
        - title: '&Recent Files'
          provider: qtpyvcp.widgets.recent_files_menu:RecentFilesMenu
        - title: '&Reload'
          action: program.reload
        - title: '&Close'
          action: program.clear
        - title: Save &As
          action: null
        - separator
        - title: Exit
          action: app.exit
          shortcut: ctrl+q
      - title: Machine
        items:
        - title: Toggle E-Stop
          action: machine.estop.toggle
          shortcut: F1
        - title: Toggle Power
          action: machine.power.toggle
          shortcut: F2
        - separator
        - title: Run Program
          action: program.run
          shortcut: R
        - title: Step
          action: program.step
          shortcut: T
        - title: Pause
          action: program.pause
          shortcut: P
        - title: Resume
          action: program.resume
          shortcut: R
        - title: Abort
          action: program.abort
          shortcut: esc
        - title: Optional Stop
          action: program.optional_stop.toggle
        - title: Optional Skip
          action: program.optional_skip.toggle
        - separator
        - title: Homing
          provider: qtpyvcp.widgets.menus.homing_menu:HomingMenu
        - title: Cooling
          items:
          - title: Flood
            action: coolant.flood.toggle
            shortcut: F7
          - title: Mist
            action: coolant.mist.toggle
            shortcut: F8
        - title: Set Work Offsets
          action: win.showDialog
          args:
          - set_work_offsets
        - separator
        - title: Override Limits
          action: machine.override_limits
      - title: Settings
        items:
        - title: Show On-screen Keyboard
          action: settings.virtual-input.enable
      - title: View
        items:
        - title: Show Gridlines
          action: settings.backplot.show-grid
        - separator
        - title: Show Machine Bounds
          action: settings.backplot.show-machine-bounds
        - title: Show Machine Labels
          action: settings.backplot.show-machine-labels
        - title: Show Machine Ticks
          action: settings.backplot.show-machine-ticks
        - separator
        - title: Show Program Bounds
          action: settings.backplot.show-program-bounds
        - title: Show Program Labels
          action: settings.backplot.show-program-labels
        - title: Show Program Ticks
          action: settings.backplot.show-program-ticks
        - separator
        - title: Perspective View
          action: settings.backplot.perspective-view
        - title: View Angle
          action: settings.backplot.view
      - title: Tools
        items:
        - title: HAL Meter
          action: tool.halmeter
        - title: HAL Scope
          action: tool.halscope
        - title: HAL Show
          action: tool.halshow
        - title: LCNC Status
          action: tool.status
        - title: Calibration
          action: tool.calibration
        - title: Classicladder PLC
          action: tool.classicladder
      - title: About
        items:
        - title: About Probe Basic
          action: win.showDialog
          args:
          - about_probebasic
        - title: About QtPyVCP
          action: win.showDialog
          args:
          - about_qtpyvcp
        - title: About Qt
          action: app.aboutQt
      fullscreen: true
      ui_file: /home/travis/.local/lib/python3.9/site-packages/probe_basic/probe_basic.ui
      confirm_exit: false
data_plugins:
  status:
    provider: qtpyvcp.plugins.status:Status
    kwargs:
      cycle_time: 75
  persistent_data_manager:
    provider: qtpyvcp.plugins.persistent_data_manager:PersistentDataManager
    kwargs:
      serialization_method: pickle
  settings:
    provider: qtpyvcp.plugins.settings:Settings
  position:
    provider: qtpyvcp.plugins.positions:Position
    kwargs:
      report_actual_pos: true
      use_program_units: true
  tooltable:
    provider: qtpyvcp.plugins.tool_table:ToolTable
  offsettable:
    provider: qtpyvcp.plugins.offset_table:OffsetTable
  notifications:
    provider: qtpyvcp.plugins.notifications:Notifications
    kwargs:
      enabled: true
      mode: native
      max_messages: 5
      persistent: true
  file_locations:
    provider: qtpyvcp.plugins.file_locations:FileLocations
    log_level: debug
    kwargs:
      default_location: NC Files
      local_locations:
        Home: ~/
        Desktop: ~/Desktop
        NC Files: ~/linuxcnc/nc_files
      network_locations: null
    exportedhal:
      provider: qtpyvcp.plugins.exported_hal:ExportedHal
  virtual_input:
    provider: qtpyvcp.plugins.virtual_input_manager:VirtualInputManager
dialogs:
  open_file:
    provider: qtpyvcp.widgets.dialogs.open_file_dialog:OpenFileDialog
  set_work_offsets:
    provider: qtpyvcp.widgets.dialogs.offsets_dialog:OffsetsDialog
  tool_edit:
    provider: qtpyvcp.widgets.dialogs.tool_edit_dialog:ToolEditDialog
  probe_sim:
    provider: qtpyvcp.widgets.dialogs.probesim_dialog:ProbeSim
  about_qtpyvcp:
    provider: qtpyvcp.widgets.dialogs.about_dialog:AboutDialog
  about_probebasic:
    provider: qtpyvcp.widgets.dialogs.about_dialog:AboutDialog
    kwargs:
      ui_file: /home/travis/.local/lib/python3.9/site-packages/probe_basic/about.ui
virtual_input_providers:
  number:
    provider: qtpyvcp.widgets.virtual_input.virtual_input:VirtualInput
    kwargs:
      ui_file: /home/travis/.local/lib/python3.9/site-packages/qtpyvcp/yaml_lib/../widgets/virtual_input/numpad.ui
  text:
    provider: qtpyvcp.widgets.virtual_input.virtual_input:VirtualInput
    kwargs:
      ui_file: /home/travis/.local/lib/python3.9/site-packages/qtpyvcp/yaml_lib/../widgets/virtual_input/keyboard.ui
application:
  provider: qtpyvcp.app.application:VCPApplication
  kwargs:
    stylesheet: /home/travis/.local/lib/python3.9/site-packages/probe_basic/probe_basic.qss
    custom_fonts: /home/travis/.local/lib/python3.9/site-packages/probe_basic/fonts
settings:
  touch-probe.diameter-offset:
    default_value: 0.123123
    persistent: true
    min_value: 0
    max_value: 1
  dro.display-units:
    default_value: 0
    options:
    - Auto
    - Inch
    - Metric
  dro.lathe-radius-mode:
    default_value: 0
    options:
    - Auto
    - Radius
    - Diameter
  dro.inch-format:
    default_value: '%9.4f'
    value_type: str
  dro.millimeter-format:
    default_value: '%9.3f'
    value_type: str
  dro.degree-format:
    default_value: '%9.2f'
  backplot.show-grid:
    default_value: false
  backplot.show-program-bounds:
    default_value: false
  backplot.show-machine-bounds:
    default_value: false
  backplot.show-machine-labels:
    default_value: false
  backplot.show-machine-ticks:
    default_value: false
  backplot.perspective-view:
    default_value: true
  backplot.view:
    default_value: 0
    options:
    - 'X: Front View'
    - 'XZ: Lathe View'
    - 'XZ2: Lathe View'
    - 'Y: Front View'
    - 'Z: Top View'
    - 'Z2: Bottom View'
    - 'P: Isometric'
  backplot.multitool-colors:
    default_value: true
  touch-probe.calibration-offset:
    description: Probe trigger point offset.
    default_value: 0.0
    persistent: true
    min_value: 0
    max_value: 1
  probe-parameters.probe-tool-number:
    description: probe tool number.
    default_value: 0.0
    persistent: true
    min_value: 0
    max_value: 9999
  probe-parameters.step-off-width:
    description: probe step off width.
    default_value: 0.0
    persistent: true
    min_value: 0
    max_value: 1000
  probe-parameters.probe-fast-fr:
    description: probe fast feedrate.
    default_value: 0.0
    persistent: true
    min_value: 0
    max_value: 1000
  probe-parameters.probe-slow-fr:
    description: probe slow feedrate.
    default_value: 0.0
    persistent: true
    min_value: 0
    max_value: 1000
  probe-parameters.max-xy-distance:
    description: max x and y probe travel distance.
    default_value: 0.0
    persistent: true
    min_value: 0
    max_value: 100
  probe-parameters.xy-clearance:
    description: x and y clearance distance.
    default_value: 0.0
    persistent: true
    min_value: 0
    max_value: 1000
  probe-parameters.max-z-distance:
    description: max z probe travel distance.
    default_value: 0.0
    persistent: true
    min_value: 0
    max_value: 100
  probe-parameters.z-clearance:
    description: z clearance distance.
    default_value: 0.0
    persistent: true
    min_value: 0
    max_value: 1000
  probe-parameters.extra-probe-depth:
    description: extra probe depth.
    default_value: 0.0
    persistent: true
    min_value: 0
    max_value: 100
  probe-parameters.edge-width:
    description: edge width probing distance.
    default_value: 0.0
    persistent: true
    min_value: 0
    max_value: 1000
  tool-change-position.x-tool-change-position:
    description: x axis tool change position.
    default_value: 0.0
    persistent: true
    min_value: -1000
    max_value: 1000
  tool-change-position.y-tool-change-position:
    description: y axis tool change position.
    default_value: 0.0
    persistent: true
    min_value: -1000
    max_value: 1000
  tool-change-position.z-tool-change-position:
    description: z axis tool change position.
    default_value: 0.0
    persistent: true
    min_value: -1000
    max_value: 1000
  tool-setter-probe.fast-probe-fr:
    description: tool probe fast feedrate.
    default_value: 0.0
    persistent: true
    min_value: -1000
    max_value: 1000
  tool-setter-probe.slow-probe-fr:
    description: tool probe slow feedrate.
    default_value: 0.0
    persistent: true
    min_value: -1000
    max_value: 1000
  tool-setter-probe.z-max-travel:
    description: maximumm z travel while probing before erroring out.
    default_value: 0.0
    persistent: true
    min_value: -1000
    max_value: 1000
  tool-setter-probe.xy-max-travel:
    description: maximumm xy travel while probing before erroring out.
    default_value: 0.0
    persistent: true
    min_value: -1000
    max_value: 1000
  tool-setter-probe.retract-distance:
    description: distance tool retracts after fast probe move.
    default_value: 0.0
    persistent: true
    min_value: -1000
    max_value: 1000
  tool-setter-probe.spindle-nose-height:
    description: distance from home to tool setter for the spindle nose.
    default_value: 0.0
    persistent: true
    min_value: -1000
    max_value: 1000
  programmable-coolant.active:
    description: activates programmable coolant with 1 as entry.
    default_value: 0.0
    persistent: true
    min_value: 0
    max_value: 1
  programmable-coolant.spindle-to-nozzle-dist:
    description: horizontal distance from spindle centerline to nozzle centerline.
    default_value: 0.0
    persistent: true
    min_value: -1000
    max_value: 1000
  programmable-coolant.gaugeline-to-nozzle-dist:
    description: vertical distance from spindle centerline to nozzle centerline.
    default_value: 0.0
    persistent: true
    min_value: -1000
    max_value: 1000
  programmable-coolant.pc-angle-offset:
    description: coolant nozzle offset amount to adjust for distance, pressure, gravity.
    default_value: 0.0
    persistent: true
    min_value: -45
    max_value: 45
  io1.card-name:
    description: io card 1 name
    default_value: card one name
    persistent: true
  io1.in1:
    description: input name
    default_value: none
    persistent: true
  io1.in2:
    description: input name
    default_value: none
    persistent: true
  io1.in3:
    description: input name
    default_value: none
    persistent: true
  io1.in4:
    description: input name
    default_value: none
    persistent: true
  io1.in5:
    description: input name
    default_value: none
    persistent: true
  io1.in6:
    description: input name
    default_value: none
    persistent: true
  io1.in7:
    description: input name
    default_value: none
    persistent: true
  io1.in8:
    description: input name
    default_value: none
    persistent: true
  io1.in9:
    description: input name
    default_value: none
    persistent: true
  io1.in10:
    description: input name
    default_value: none
    persistent: true
  io1.in11:
    description: input name
    default_value: none
    persistent: true
  io1.in12:
    description: input name
    default_value: none
    persistent: true
  io1.in13:
    description: input name
    default_value: none
    persistent: true
  io1.in14:
    description: input name
    default_value: none
    persistent: true
  io1.in15:
    description: input name
    default_value: none
    persistent: true
  io1.in16:
    description: input name
    default_value: none
    persistent: true
  io1.in17:
    description: input name
    default_value: none
    persistent: true
  io1.in18:
    description: input name
    default_value: none
    persistent: true
  io1.in19:
    description: input name
    default_value: none
    persistent: true
  io1.in20:
    description: input name
    default_value: none
    persistent: true
  io1.in21:
    description: input name
    default_value: none
    persistent: true
  io1.in22:
    description: input name
    default_value: none
    persistent: true
  io1.in23:
    description: input name
    default_value: none
    persistent: true
  io1.in24:
    description: input name
    default_value: none
    persistent: true
  io1.in25:
    description: input name
    default_value: none
    persistent: true
  io1.in26:
    description: input name
    default_value: none
    persistent: true
  io1.in27:
    description: input name
    default_value: none
    persistent: true
  io1.in28:
    description: input name
    default_value: none
    persistent: true
  io1.in29:
    description: input name
    default_value: none
    persistent: true
  io1.in30:
    description: input name
    default_value: none
    persistent: true
  io1.in31:
    description: input name
    default_value: none
    persistent: true
  io1.in32:
    description: input name
    default_value: none
    persistent: true
  io1.out1:
    description: input name
    default_value: none
    persistent: true
  io1.out2:
    description: input name
    default_value: none
    persistent: true
  io1.out3:
    description: input name
    default_value: none
    persistent: true
  io1.out4:
    description: input name
    default_value: none
    persistent: true
  io1.out5:
    description: input name
    default_value: none
    persistent: true
  io1.out6:
    description: input name
    default_value: none
    persistent: true
  io1.out7:
    description: input name
    default_value: none
    persistent: true
  io1.out8:
    description: input name
    default_value: none
    persistent: true
  io1.out9:
    description: input name
    default_value: none
    persistent: true
  io1.out10:
    description: input name
    default_value: none
    persistent: true
  io1.out11:
    description: input name
    default_value: none
    persistent: true
  io1.out12:
    description: input name
    default_value: none
    persistent: true
  io1.out13:
    description: input name
    default_value: none
    persistent: true
  io1.out14:
    description: input name
    default_value: none
    persistent: true
  io1.out15:
    description: input name
    default_value: none
    persistent: true
  io1.out16:
    description: input name
    default_value: none
    persistent: true
  io2.card-name:
    description: io card 2 name
    default_value: card two name
    persistent: true
  io2.in1:
    description: input name
    default_value: none
    persistent: true
  io2.in2:
    description: input name
    default_value: none
    persistent: true
  io2.in3:
    description: input name
    default_value: none
    persistent: true
  io2.in4:
    description: input name
    default_value: none
    persistent: true
  io2.in5:
    description: input name
    default_value: none
    persistent: true
  io2.in6:
    description: input name
    default_value: none
    persistent: true
  io2.in7:
    description: input name
    default_value: none
    persistent: true
  io2.in8:
    description: input name
    default_value: none
    persistent: true
  io2.in9:
    description: input name
    default_value: none
    persistent: true
  io2.in10:
    description: input name
    default_value: none
    persistent: true
  io2.in11:
    description: input name
    default_value: none
    persistent: true
  io2.in12:
    description: input name
    default_value: none
    persistent: true
  io2.in13:
    description: input name
    default_value: none
    persistent: true
  io2.in14:
    description: input name
    default_value: none
    persistent: true
  io2.in15:
    description: input name
    default_value: none
    persistent: true
  io2.in16:
    description: input name
    default_value: none
    persistent: true
  io2.in17:
    description: input name
    default_value: none
    persistent: true
  io2.in18:
    description: input name
    default_value: none
    persistent: true
  io2.in19:
    description: input name
    default_value: none
    persistent: true
  io2.in20:
    description: input name
    default_value: none
    persistent: true
  io2.in21:
    description: input name
    default_value: none
    persistent: true
  io2.in22:
    description: input name
    default_value: none
    persistent: true
  io2.in23:
    description: input name
    default_value: none
    persistent: true
  io2.in24:
    description: input name
    default_value: none
    persistent: true
  io2.in25:
    description: input name
    default_value: none
    persistent: true
  io2.in26:
    description: input name
    default_value: none
    persistent: true
  io2.in27:
    description: input name
    default_value: none
    persistent: true
  io2.in28:
    description: input name
    default_value: none
    persistent: true
  io2.in29:
    description: input name
    default_value: none
    persistent: true
  io2.in30:
    description: input name
    default_value: none
    persistent: true
  io2.in31:
    description: input name
    default_value: none
    persistent: true
  io2.in32:
    description: input name
    default_value: none
    persistent: true
  io2.out1:
    description: input name
    default_value: none
    persistent: true
  io2.out2:
    description: input name
    default_value: none
    persistent: true
  io2.out3:
    description: input name
    default_value: none
    persistent: true
  io2.out4:
    description: input name
    default_value: none
    persistent: true
  io2.out5:
    description: input name
    default_value: none
    persistent: true
  io2.out6:
    description: input name
    default_value: none
    persistent: true
  io2.out7:
    description: input name
    default_value: none
    persistent: true
  io2.out8:
    description: input name
    default_value: none
    persistent: true
  io2.out9:
    description: input name
    default_value: none
    persistent: true
  io2.out10:
    description: input name
    default_value: none
    persistent: true
  io2.out11:
    description: input name
    default_value: none
    persistent: true
  io2.out12:
    description: input name
    default_value: none
    persistent: true
  io2.out13:
    description: input name
    default_value: none
    persistent: true
  io2.out14:
    description: input name
    default_value: none
    persistent: true
  io2.out15:
    description: input name
    default_value: none
    persistent: true
  io2.out16:
    description: input name
    default_value: none
    persistent: true
menubar: *id001
qtdesigner:
  ui_file: /home/travis/.local/lib/python3.9/site-packages/probe_basic/probe_basic.ui
  qss_file: /home/travis/.local/lib/python3.9/site-packages/probe_basic/probe_basic.qss


2022-07-12 09:50:41,769 - qtpyvcp.app.launcher - DEBUG - Loading data plugings
2022-07-12 09:50:41,769 - qtpyvcp.plugins - DEBUG - Loading plugin 'status' from 'qtpyvcp.plugins.status:Status'
2022-07-12 09:50:41,775 - qtpyvcp.plugins.status - DEBUG - ---------set mdi_history: None, []
2022-07-12 09:50:41,788 - qtpyvcp.plugins - DEBUG - Loading plugin 'persistent_data_manager' from 'qtpyvcp.plugins.persistent_data_manager:PersistentDataManager'
2022-07-12 09:50:41,789 - qtpyvcp.plugins - DEBUG - Loading plugin 'settings' from 'qtpyvcp.plugins.settings:Settings'
2022-07-12 09:50:41,793 - qtpyvcp.plugins - DEBUG - Loading plugin 'position' from 'qtpyvcp.plugins.positions:Position'
2022-07-12 09:50:41,795 - qtpyvcp.plugins - DEBUG - Loading plugin 'tooltable' from 'qtpyvcp.plugins.tool_table:ToolTable'
2022-07-12 09:50:41,810 - qtpyvcp.plugins - DEBUG - Loading plugin 'offsettable' from 'qtpyvcp.plugins.offset_table:OffsetTable'
2022-07-12 09:50:41,813 - qtpyvcp.plugins - DEBUG - Loading plugin 'notifications' from 'qtpyvcp.plugins.notifications:Notifications'
2022-07-12 09:50:41,849 - qtpyvcp.plugins - DEBUG - Loading plugin 'file_locations' from 'qtpyvcp.plugins.file_locations:FileLocations'
2022-07-12 09:50:41,882 - qtpyvcp.plugins - DEBUG - Loading plugin 'virtual_input' from 'qtpyvcp.plugins.virtual_input_manager:VirtualInputManager'
2022-07-12 09:50:41,882 - qtpyvcp.app.launcher - DEBUG - Time: 0.910 (+0.910) - done loading data plugins
2022-07-12 09:50:41,883 - qtpyvcp.app.launcher - DEBUG - Initializing app
2022-07-12 09:50:41,932 - qtpyvcp.plugins - DEBUG - Initializing 'status' plugin
2022-07-12 09:50:41,933 - qtpyvcp.plugins.status - DEBUG - Starting periodic updates with 75ms cycle time
2022-07-12 09:50:41,933 - qtpyvcp.plugins - DEBUG - Initializing 'persistent_data_manager' plugin
2022-07-12 09:50:41,933 - qtpyvcp.plugins - DEBUG - Initializing 'settings' plugin
2022-07-12 09:50:41,933 - qtpyvcp.plugins - DEBUG - Initializing 'position' plugin
2022-07-12 09:50:41,933 - qtpyvcp.plugins - DEBUG - Initializing 'tooltable' plugin
2022-07-12 09:50:41,934 - qtpyvcp.plugins - DEBUG - Initializing 'offsettable' plugin
2022-07-12 09:50:41,934 - qtpyvcp.plugins - DEBUG - Initializing 'notifications' plugin
2022-07-12 09:50:41,939 - qtpyvcp.plugins - DEBUG - Initializing 'file_locations' plugin
2022-07-12 09:50:41,957 - qtpyvcp.plugins - DEBUG - Initializing 'virtual_input' plugin
2022-07-12 09:50:42,001 - qtpyvcp - INFO - Loading global stylesheet: /home/travis/.local/lib/python3.9/site-packages/probe_basic/probe_basic.qss
2022-07-12 09:50:42,009 - qtpyvcp - DEBUG - Loading custom font: /home/travis/.local/lib/python3.9/site-packages/probe_basic/fonts/BebasKai.ttf
2022-07-12 09:50:42,011 - qtpyvcp.app.launcher - DEBUG - Time: 1.039 (+0.128) - done initializing app
2022-07-12 09:50:42,011 - qtpyvcp.app.launcher - DEBUG - Loading dialogs
2022-07-12 09:50:42,713 - qtpyvcp.app.launcher - DEBUG - Time: 1.741 (+0.702) - done loading dialogs
2022-07-12 09:50:42,713 - qtpyvcp.app.launcher - DEBUG - Loading windows
2022-07-12 09:50:44,023 - qtpyvcp.widgets.display_widgets.vtk_backplot.vtk_backplot - DEBUG - ---------using refactored vtk code
2022-07-12 09:50:44,023 - qtpyvcp.widgets.display_widgets.vtk_backplot.linuxcnc_datasource - DEBUG - self._status.stat.g5x_offset: <class 'tuple'>
2022-07-12 09:50:44,023 - qtpyvcp.widgets.display_widgets.vtk_backplot.linuxcnc_datasource - DEBUG - -----current_wcs index: [0.0, 0.0, 0.0, 0.0, 0.0, 0.0, 0.0, 0.0, 0.0, 0.0]
2022-07-12 09:50:44,024 - qtpyvcp.widgets.display_widgets.vtk_backplot.vtk_backplot - DEBUG - ---------active_wcs_index 0
2022-07-12 09:50:44,024 - qtpyvcp.widgets.display_widgets.vtk_backplot.vtk_backplot - DEBUG - ---------active_wcs_offset (0.0, 0.0, 0.0, 0.0, 0.0, 0.0, 0.0, 0.0, 0.0, 0.0)
2022-07-12 09:50:44,024 - qtpyvcp.widgets.display_widgets.vtk_backplot.vtk_backplot - DEBUG - ---------wcs_offsets {0: [0.0, 0.0, 0.0, 0.0, 0.0, 0.0, 0.0, 0.0, 0.0, 0.0], 1: [0.0, 0.0, 0.0, 0.0, 0.0, 0.0, 0.0, 0.0, 0.0, 0.0], 2: [0.0, 0.0, 0.0, 0.0, 0.0, 0.0, 0.0, 0.0, 0.0, 0.0], 3: [0.0, 0.0, 0.0, 0.0, 0.0, 0.0, 0.0, 0.0, 0.0, 0.0], 4: [0.0, 0.0, 0.0, 0.0, 0.0, 0.0, 0.0, 0.0, 0.0, 0.0], 5: [0.0, 0.0, 0.0, 0.0, 0.0, 0.0, 0.0, 0.0, 0.0, 0.0], 6: [0.0, 0.0, 0.0, 0.0, 0.0, 0.0, 0.0, 0.0, 0.0, 0.0], 7: [0.0, 0.0, 0.0, 0.0, 0.0, 0.0, 0.0, 0.0, 0.0, 0.0], 8: [0.0, 0.0, 0.0, 0.0, 0.0, 0.0, 0.0, 0.0, 0.0, 0.0]}
2022-07-12 09:50:44,043 - qtpyvcp.widgets.display_widgets.vtk_backplot.vtk_backplot - DEBUG - ---------translate1: (0.0, 0.0, 0.0)
2022-07-12 09:50:44,043 - qtpyvcp.widgets.display_widgets.vtk_backplot.vtk_backplot - DEBUG - ---------active_wcs_offset: (0.0, 0.0, 0.0, 0.0, 0.0, 0.0, 0.0, 0.0, 0.0, 0.0)
2022-07-12 09:50:44,368 - qtpyvcp.widgets.display_widgets.vtk_backplot.vtk_backplot - DEBUG - show grid
2022-07-12 09:50:44,414 - qtpyvcp.widgets.display_widgets.vtk_backplot.vtk_backplot - DEBUG - Setting view to: X
2022-07-12 09:50:47,222 - qtpyvcp.widgets.form_widgets.main_window - ERROR - Error binding menu action settings.backplot.show-program-labels
Traceback (most recent call last):
  File "/home/travis/.local/lib/python3.9/site-packages/qtpyvcp/actions/__init__.py", line 61, in bindWidget
    method = getattr(method, item)
AttributeError: module 'qtpyvcp.actions' has no attribute 'settings'

During handling of the above exception, another exception occurred:

Traceback (most recent call last):
  File "/home/travis/.local/lib/python3.9/site-packages/qtpyvcp/widgets/form_widgets/main_window.py", line 185, in getMenuAction
    actions.bindWidget(menu_action, action_name)
  File "/home/travis/.local/lib/python3.9/site-packages/qtpyvcp/actions/__init__.py", line 66, in bindWidget
    raise InvalidAction("Could not get action method: %s" % item)
qtpyvcp.actions.InvalidAction: Could not get action method: settings
2022-07-12 09:50:47,223 - qtpyvcp.widgets.form_widgets.main_window - ERROR - Error binding menu action settings.backplot.show-program-ticks
Traceback (most recent call last):
  File "/home/travis/.local/lib/python3.9/site-packages/qtpyvcp/actions/__init__.py", line 61, in bindWidget
    method = getattr(method, item)
AttributeError: module 'qtpyvcp.actions' has no attribute 'settings'

During handling of the above exception, another exception occurred:

Traceback (most recent call last):
  File "/home/travis/.local/lib/python3.9/site-packages/qtpyvcp/widgets/form_widgets/main_window.py", line 185, in getMenuAction
    actions.bindWidget(menu_action, action_name)
  File "/home/travis/.local/lib/python3.9/site-packages/qtpyvcp/actions/__init__.py", line 66, in bindWidget
    raise InvalidAction("Could not get action method: %s" % item)
qtpyvcp.actions.InvalidAction: Could not get action method: settings
2022-07-12 09:50:47,241 - qtpyvcp.plugins - DEBUG - Post GUI Initializing 'status' plugin
2022-07-12 09:50:47,241 - qtpyvcp.plugins - DEBUG - Post GUI Initializing 'persistent_data_manager' plugin
2022-07-12 09:50:47,242 - qtpyvcp.plugins - DEBUG - Post GUI Initializing 'settings' plugin
2022-07-12 09:50:47,242 - qtpyvcp.plugins - DEBUG - Post GUI Initializing 'position' plugin
2022-07-12 09:50:47,242 - qtpyvcp.plugins - DEBUG - Post GUI Initializing 'tooltable' plugin
2022-07-12 09:50:47,242 - qtpyvcp.plugins - DEBUG - Post GUI Initializing 'offsettable' plugin
2022-07-12 09:50:47,242 - qtpyvcp.plugins - DEBUG - Post GUI Initializing 'notifications' plugin
2022-07-12 09:50:47,242 - qtpyvcp.plugins - DEBUG - Post GUI Initializing 'file_locations' plugin
2022-07-12 09:50:47,242 - qtpyvcp.plugins - DEBUG - Post GUI Initializing 'virtual_input' plugin
2022-07-12 09:50:47,493 - qtpyvcp.app.launcher - DEBUG - Time: 6.520 (+4.779) - done loading windows
2022-07-12 09:50:47,494 - qtpyvcp.app.launcher - DEBUG - Initializing widgets
2022-07-12 09:50:47,505 - qtpyvcp.hal - DEBUG - Using existing HAL component: qtpyvcp
2022-07-12 09:50:47,505 - qtpyvcp.hal.hal_qlib - DEBUG - Adding HAL pin: qtpyvcp.1in12.on (bit in)
2022-07-12 09:50:47,506 - qtpyvcp.hal.hal_qlib - DEBUG - Adding HAL pin: qtpyvcp.1in12.flash (bit in)
2022-07-12 09:50:47,506 - qtpyvcp.hal.hal_qlib - DEBUG - Adding HAL pin: qtpyvcp.1in12.flash-rate (u32 in)
2022-07-12 09:50:47,506 - qtpyvcp.hal - DEBUG - Using existing HAL component: qtpyvcp
2022-07-12 09:50:47,506 - qtpyvcp.hal.hal_qlib - DEBUG - Adding HAL pin: qtpyvcp.2in30.on (bit in)
2022-07-12 09:50:47,508 - qtpyvcp.hal.hal_qlib - DEBUG - Adding HAL pin: qtpyvcp.2in30.flash (bit in)
2022-07-12 09:50:47,508 - qtpyvcp.hal.hal_qlib - DEBUG - Adding HAL pin: qtpyvcp.2in30.flash-rate (u32 in)
2022-07-12 09:50:47,509 - qtpyvcp.hal - DEBUG - Using existing HAL component: qtpyvcp
2022-07-12 09:50:47,509 - qtpyvcp.hal.hal_qlib - DEBUG - Adding HAL pin: qtpyvcp.spindle-load-indicator.in-f (float in)
2022-07-12 09:50:47,509 - qtpyvcp.hal.hal_qlib - DEBUG - Adding HAL pin: qtpyvcp.spindle-load-indicator.in-i (u32 in)
2022-07-12 09:50:47,510 - qtpyvcp.hal.hal_qlib - DEBUG - Adding HAL pin: qtpyvcp.spindle-load-indicator.min-val (float in)
2022-07-12 09:50:47,510 - qtpyvcp.hal.hal_qlib - DEBUG - Adding HAL pin: qtpyvcp.spindle-load-indicator.max-val (float in)
2022-07-12 09:50:47,519 - qtpyvcp.hal - DEBUG - Using existing HAL component: qtpyvcp
2022-07-12 09:50:47,520 - qtpyvcp.hal.hal_qlib - DEBUG - Adding HAL pin: qtpyvcp.1in6.on (bit in)
2022-07-12 09:50:47,520 - qtpyvcp.hal.hal_qlib - DEBUG - Adding HAL pin: qtpyvcp.1in6.flash (bit in)
2022-07-12 09:50:47,521 - qtpyvcp.hal.hal_qlib - DEBUG - Adding HAL pin: qtpyvcp.1in6.flash-rate (u32 in)
2022-07-12 09:50:47,521 - qtpyvcp.hal - DEBUG - Using existing HAL component: qtpyvcp
2022-07-12 09:50:47,521 - qtpyvcp.hal.hal_qlib - DEBUG - Adding HAL pin: qtpyvcp.2in2.on (bit in)
2022-07-12 09:50:47,525 - qtpyvcp.hal.hal_qlib - DEBUG - Adding HAL pin: qtpyvcp.2in2.flash (bit in)
2022-07-12 09:50:47,527 - qtpyvcp.hal.hal_qlib - DEBUG - Adding HAL pin: qtpyvcp.2in2.flash-rate (u32 in)
2022-07-12 09:50:47,527 - qtpyvcp.hal - DEBUG - Using existing HAL component: qtpyvcp
2022-07-12 09:50:47,527 - qtpyvcp.hal.hal_qlib - DEBUG - Adding HAL pin: qtpyvcp.1in20.on (bit in)
2022-07-12 09:50:47,527 - qtpyvcp.hal.hal_qlib - DEBUG - Adding HAL pin: qtpyvcp.1in20.flash (bit in)
2022-07-12 09:50:47,527 - qtpyvcp.hal.hal_qlib - DEBUG - Adding HAL pin: qtpyvcp.1in20.flash-rate (u32 in)
2022-07-12 09:50:47,528 - qtpyvcp.hal - DEBUG - Using existing HAL component: qtpyvcp
2022-07-12 09:50:47,528 - qtpyvcp.hal.hal_qlib - DEBUG - Adding HAL pin: qtpyvcp.1out12.on (bit in)
2022-07-12 09:50:47,528 - qtpyvcp.hal.hal_qlib - DEBUG - Adding HAL pin: qtpyvcp.1out12.flash (bit in)
2022-07-12 09:50:47,528 - qtpyvcp.hal.hal_qlib - DEBUG - Adding HAL pin: qtpyvcp.1out12.flash-rate (u32 in)
2022-07-12 09:50:47,529 - qtpyvcp.hal - DEBUG - Using existing HAL component: qtpyvcp
2022-07-12 09:50:47,529 - qtpyvcp.hal.hal_qlib - DEBUG - Adding HAL pin: qtpyvcp.1out16.on (bit in)
2022-07-12 09:50:47,529 - qtpyvcp.hal.hal_qlib - DEBUG - Adding HAL pin: qtpyvcp.1out16.flash (bit in)
2022-07-12 09:50:47,529 - qtpyvcp.hal.hal_qlib - DEBUG - Adding HAL pin: qtpyvcp.1out16.flash-rate (u32 in)
2022-07-12 09:50:47,530 - qtpyvcp.hal - DEBUG - Using existing HAL component: qtpyvcp
2022-07-12 09:50:47,530 - qtpyvcp.hal.hal_qlib - DEBUG - Adding HAL pin: qtpyvcp.2in9.on (bit in)
2022-07-12 09:50:47,530 - qtpyvcp.hal.hal_qlib - DEBUG - Adding HAL pin: qtpyvcp.2in9.flash (bit in)
2022-07-12 09:50:47,530 - qtpyvcp.hal.hal_qlib - DEBUG - Adding HAL pin: qtpyvcp.2in9.flash-rate (u32 in)
2022-07-12 09:50:47,530 - qtpyvcp.hal - DEBUG - Using existing HAL component: qtpyvcp
2022-07-12 09:50:47,530 - qtpyvcp.hal.hal_qlib - DEBUG - Adding HAL pin: qtpyvcp.1in31.on (bit in)
2022-07-12 09:50:47,531 - qtpyvcp.hal.hal_qlib - DEBUG - Adding HAL pin: qtpyvcp.1in31.flash (bit in)
2022-07-12 09:50:47,531 - qtpyvcp.hal.hal_qlib - DEBUG - Adding HAL pin: qtpyvcp.1in31.flash-rate (u32 in)
2022-07-12 09:50:47,531 - qtpyvcp.hal - DEBUG - Using existing HAL component: qtpyvcp
2022-07-12 09:50:47,531 - qtpyvcp.hal.hal_qlib - DEBUG - Adding HAL pin: qtpyvcp.2in24.on (bit in)
2022-07-12 09:50:47,532 - qtpyvcp.hal.hal_qlib - DEBUG - Adding HAL pin: qtpyvcp.2in24.flash (bit in)
2022-07-12 09:50:47,532 - qtpyvcp.hal.hal_qlib - DEBUG - Adding HAL pin: qtpyvcp.2in24.flash-rate (u32 in)
2022-07-12 09:50:47,532 - qtpyvcp.hal - DEBUG - Using existing HAL component: qtpyvcp
2022-07-12 09:50:47,533 - qtpyvcp.hal.hal_qlib - DEBUG - Adding HAL pin: qtpyvcp.1in25.on (bit in)
2022-07-12 09:50:47,533 - qtpyvcp.hal.hal_qlib - DEBUG - Adding HAL pin: qtpyvcp.1in25.flash (bit in)
2022-07-12 09:50:47,533 - qtpyvcp.hal.hal_qlib - DEBUG - Adding HAL pin: qtpyvcp.1in25.flash-rate (u32 in)
2022-07-12 09:50:47,535 - qtpyvcp.hal - DEBUG - Using existing HAL component: qtpyvcp
2022-07-12 09:50:47,536 - qtpyvcp.hal.hal_qlib - DEBUG - Adding HAL pin: qtpyvcp.1out14.on (bit in)
2022-07-12 09:50:47,536 - qtpyvcp.hal.hal_qlib - DEBUG - Adding HAL pin: qtpyvcp.1out14.flash (bit in)
2022-07-12 09:50:47,536 - qtpyvcp.hal.hal_qlib - DEBUG - Adding HAL pin: qtpyvcp.1out14.flash-rate (u32 in)
2022-07-12 09:50:47,536 - qtpyvcp.hal - DEBUG - Using existing HAL component: qtpyvcp
2022-07-12 09:50:47,536 - qtpyvcp.hal.hal_qlib - DEBUG - Adding HAL pin: qtpyvcp.2out6.on (bit in)
2022-07-12 09:50:47,536 - qtpyvcp.hal.hal_qlib - DEBUG - Adding HAL pin: qtpyvcp.2out6.flash (bit in)
2022-07-12 09:50:47,537 - qtpyvcp.hal.hal_qlib - DEBUG - Adding HAL pin: qtpyvcp.2out6.flash-rate (u32 in)
2022-07-12 09:50:47,537 - qtpyvcp.hal - DEBUG - Using existing HAL component: qtpyvcp
2022-07-12 09:50:47,537 - qtpyvcp.hal.hal_qlib - DEBUG - Adding HAL pin: qtpyvcp.1in11.on (bit in)
2022-07-12 09:50:47,537 - qtpyvcp.hal.hal_qlib - DEBUG - Adding HAL pin: qtpyvcp.1in11.flash (bit in)
2022-07-12 09:50:47,537 - qtpyvcp.hal.hal_qlib - DEBUG - Adding HAL pin: qtpyvcp.1in11.flash-rate (u32 in)
2022-07-12 09:50:47,538 - qtpyvcp.hal - DEBUG - Using existing HAL component: qtpyvcp
2022-07-12 09:50:47,538 - qtpyvcp.hal.hal_qlib - DEBUG - Adding HAL pin: qtpyvcp.1in21.on (bit in)
2022-07-12 09:50:47,538 - qtpyvcp.hal.hal_qlib - DEBUG - Adding HAL pin: qtpyvcp.1in21.flash (bit in)
2022-07-12 09:50:47,538 - qtpyvcp.hal.hal_qlib - DEBUG - Adding HAL pin: qtpyvcp.1in21.flash-rate (u32 in)
2022-07-12 09:50:47,538 - qtpyvcp.hal - DEBUG - Using existing HAL component: qtpyvcp
2022-07-12 09:50:47,539 - qtpyvcp.hal.hal_qlib - DEBUG - Adding HAL pin: qtpyvcp.2out15.on (bit in)
2022-07-12 09:50:47,539 - qtpyvcp.hal.hal_qlib - DEBUG - Adding HAL pin: qtpyvcp.2out15.flash (bit in)
2022-07-12 09:50:47,539 - qtpyvcp.hal.hal_qlib - DEBUG - Adding HAL pin: qtpyvcp.2out15.flash-rate (u32 in)
2022-07-12 09:50:47,539 - qtpyvcp.hal - DEBUG - Using existing HAL component: qtpyvcp
2022-07-12 09:50:47,539 - qtpyvcp.hal.hal_qlib - DEBUG - Adding HAL pin: qtpyvcp.probe-in.enable (bit in)
2022-07-12 09:50:47,539 - qtpyvcp.hal.hal_qlib - DEBUG - Adding HAL pin: qtpyvcp.probe-in.out (bit out)
2022-07-12 09:50:47,539 - qtpyvcp.hal.hal_qlib - DEBUG - Adding HAL pin: qtpyvcp.probe-in.io (bit io)
2022-07-12 09:50:47,540 - qtpyvcp.hal - DEBUG - Using existing HAL component: qtpyvcp
2022-07-12 09:50:47,541 - qtpyvcp.hal.hal_qlib - DEBUG - Adding HAL pin: qtpyvcp.timerhours.enable (bit in)
2022-07-12 09:50:47,541 - qtpyvcp.hal.hal_qlib - DEBUG - Adding HAL pin: qtpyvcp.timerhours.in (u32 in)
2022-07-12 09:50:47,541 - qtpyvcp.hal - DEBUG - Using existing HAL component: qtpyvcp
2022-07-12 09:50:47,541 - qtpyvcp.hal.hal_qlib - DEBUG - Adding HAL pin: qtpyvcp.2out5.on (bit in)
2022-07-12 09:50:47,541 - qtpyvcp.hal.hal_qlib - DEBUG - Adding HAL pin: qtpyvcp.2out5.flash (bit in)
2022-07-12 09:50:47,541 - qtpyvcp.hal.hal_qlib - DEBUG - Adding HAL pin: qtpyvcp.2out5.flash-rate (u32 in)
2022-07-12 09:50:47,542 - qtpyvcp.hal - DEBUG - Using existing HAL component: qtpyvcp
2022-07-12 09:50:47,542 - qtpyvcp.hal.hal_qlib - DEBUG - Adding HAL pin: qtpyvcp.1in15.on (bit in)
2022-07-12 09:50:47,542 - qtpyvcp.hal.hal_qlib - DEBUG - Adding HAL pin: qtpyvcp.1in15.flash (bit in)
2022-07-12 09:50:47,542 - qtpyvcp.hal.hal_qlib - DEBUG - Adding HAL pin: qtpyvcp.1in15.flash-rate (u32 in)
2022-07-12 09:50:47,543 - qtpyvcp.hal - DEBUG - Using existing HAL component: qtpyvcp
2022-07-12 09:50:47,543 - qtpyvcp.hal.hal_qlib - DEBUG - Adding HAL pin: qtpyvcp.1out13.on (bit in)
2022-07-12 09:50:47,543 - qtpyvcp.hal.hal_qlib - DEBUG - Adding HAL pin: qtpyvcp.1out13.flash (bit in)
2022-07-12 09:50:47,543 - qtpyvcp.hal.hal_qlib - DEBUG - Adding HAL pin: qtpyvcp.1out13.flash-rate (u32 in)
2022-07-12 09:50:47,544 - qtpyvcp.hal - DEBUG - Using existing HAL component: qtpyvcp
2022-07-12 09:50:47,544 - qtpyvcp.hal.hal_qlib - DEBUG - Adding HAL pin: qtpyvcp.timerminutes.enable (bit in)
2022-07-12 09:50:47,544 - qtpyvcp.hal.hal_qlib - DEBUG - Adding HAL pin: qtpyvcp.timerminutes.in (u32 in)
2022-07-12 09:50:47,544 - qtpyvcp.hal - DEBUG - Using existing HAL component: qtpyvcp
2022-07-12 09:50:47,544 - qtpyvcp.hal.hal_qlib - DEBUG - Adding HAL pin: qtpyvcp.timerseconds.enable (bit in)
2022-07-12 09:50:47,544 - qtpyvcp.hal.hal_qlib - DEBUG - Adding HAL pin: qtpyvcp.timerseconds.in (u32 in)
2022-07-12 09:50:47,545 - qtpyvcp.hal - DEBUG - Using existing HAL component: qtpyvcp
2022-07-12 09:50:47,545 - qtpyvcp.hal.hal_qlib - DEBUG - Adding HAL pin: qtpyvcp.1in23.on (bit in)
2022-07-12 09:50:47,545 - qtpyvcp.hal.hal_qlib - DEBUG - Adding HAL pin: qtpyvcp.1in23.flash (bit in)
2022-07-12 09:50:47,545 - qtpyvcp.hal.hal_qlib - DEBUG - Adding HAL pin: qtpyvcp.1in23.flash-rate (u32 in)
2022-07-12 09:50:47,546 - qtpyvcp.hal - DEBUG - Using existing HAL component: qtpyvcp
2022-07-12 09:50:47,546 - qtpyvcp.hal.hal_qlib - DEBUG - Adding HAL pin: qtpyvcp.2in26.on (bit in)
2022-07-12 09:50:47,547 - qtpyvcp.hal.hal_qlib - DEBUG - Adding HAL pin: qtpyvcp.2in26.flash (bit in)
2022-07-12 09:50:47,547 - qtpyvcp.hal.hal_qlib - DEBUG - Adding HAL pin: qtpyvcp.2in26.flash-rate (u32 in)
2022-07-12 09:50:47,547 - qtpyvcp.hal - DEBUG - Using existing HAL component: qtpyvcp
2022-07-12 09:50:47,547 - qtpyvcp.hal.hal_qlib - DEBUG - Adding HAL pin: qtpyvcp.2in16.on (bit in)
2022-07-12 09:50:47,547 - qtpyvcp.hal.hal_qlib - DEBUG - Adding HAL pin: qtpyvcp.2in16.flash (bit in)
2022-07-12 09:50:47,547 - qtpyvcp.hal.hal_qlib - DEBUG - Adding HAL pin: qtpyvcp.2in16.flash-rate (u32 in)
2022-07-12 09:50:47,548 - qtpyvcp.hal - DEBUG - Using existing HAL component: qtpyvcp
2022-07-12 09:50:47,548 - qtpyvcp.hal.hal_qlib - DEBUG - Adding HAL pin: qtpyvcp.2in21.on (bit in)
2022-07-12 09:50:47,548 - qtpyvcp.hal.hal_qlib - DEBUG - Adding HAL pin: qtpyvcp.2in21.flash (bit in)
2022-07-12 09:50:47,548 - qtpyvcp.hal.hal_qlib - DEBUG - Adding HAL pin: qtpyvcp.2in21.flash-rate (u32 in)
2022-07-12 09:50:47,548 - qtpyvcp.hal - DEBUG - Using existing HAL component: qtpyvcp
2022-07-12 09:50:47,548 - qtpyvcp.hal.hal_qlib - DEBUG - Adding HAL pin: qtpyvcp.2in15.on (bit in)
2022-07-12 09:50:47,549 - qtpyvcp.hal.hal_qlib - DEBUG - Adding HAL pin: qtpyvcp.2in15.flash (bit in)
2022-07-12 09:50:47,549 - qtpyvcp.hal.hal_qlib - DEBUG - Adding HAL pin: qtpyvcp.2in15.flash-rate (u32 in)
2022-07-12 09:50:47,549 - qtpyvcp.hal - DEBUG - Using existing HAL component: qtpyvcp
2022-07-12 09:50:47,549 - qtpyvcp.hal.hal_qlib - DEBUG - Adding HAL pin: qtpyvcp.2in5.on (bit in)
2022-07-12 09:50:47,549 - qtpyvcp.hal.hal_qlib - DEBUG - Adding HAL pin: qtpyvcp.2in5.flash (bit in)
2022-07-12 09:50:47,549 - qtpyvcp.hal.hal_qlib - DEBUG - Adding HAL pin: qtpyvcp.2in5.flash-rate (u32 in)
2022-07-12 09:50:47,550 - qtpyvcp.hal - DEBUG - Using existing HAL component: qtpyvcp
2022-07-12 09:50:47,550 - qtpyvcp.hal.hal_qlib - DEBUG - Adding HAL pin: qtpyvcp.1out5.on (bit in)
2022-07-12 09:50:47,550 - qtpyvcp.hal.hal_qlib - DEBUG - Adding HAL pin: qtpyvcp.1out5.flash (bit in)
2022-07-12 09:50:47,550 - qtpyvcp.hal.hal_qlib - DEBUG - Adding HAL pin: qtpyvcp.1out5.flash-rate (u32 in)
2022-07-12 09:50:47,551 - qtpyvcp.hal - DEBUG - Using existing HAL component: qtpyvcp
2022-07-12 09:50:47,551 - qtpyvcp.hal.hal_qlib - DEBUG - Adding HAL pin: qtpyvcp.2in20.on (bit in)
2022-07-12 09:50:47,551 - qtpyvcp.hal.hal_qlib - DEBUG - Adding HAL pin: qtpyvcp.2in20.flash (bit in)
2022-07-12 09:50:47,551 - qtpyvcp.hal.hal_qlib - DEBUG - Adding HAL pin: qtpyvcp.2in20.flash-rate (u32 in)
2022-07-12 09:50:47,551 - qtpyvcp.hal - DEBUG - Using existing HAL component: qtpyvcp
2022-07-12 09:50:47,551 - qtpyvcp.hal.hal_qlib - DEBUG - Adding HAL pin: qtpyvcp.1in13.on (bit in)
2022-07-12 09:50:47,551 - qtpyvcp.hal.hal_qlib - DEBUG - Adding HAL pin: qtpyvcp.1in13.flash (bit in)
2022-07-12 09:50:47,552 - qtpyvcp.hal.hal_qlib - DEBUG - Adding HAL pin: qtpyvcp.1in13.flash-rate (u32 in)
2022-07-12 09:50:47,552 - qtpyvcp.hal - DEBUG - Using existing HAL component: qtpyvcp
2022-07-12 09:50:47,552 - qtpyvcp.hal.hal_qlib - DEBUG - Adding HAL pin: qtpyvcp.1out4.on (bit in)
2022-07-12 09:50:47,552 - qtpyvcp.hal.hal_qlib - DEBUG - Adding HAL pin: qtpyvcp.1out4.flash (bit in)
2022-07-12 09:50:47,552 - qtpyvcp.hal.hal_qlib - DEBUG - Adding HAL pin: qtpyvcp.1out4.flash-rate (u32 in)
2022-07-12 09:50:47,553 - qtpyvcp.hal - DEBUG - Using existing HAL component: qtpyvcp
2022-07-12 09:50:47,553 - qtpyvcp.hal.hal_qlib - DEBUG - Adding HAL pin: qtpyvcp.1in29.on (bit in)
2022-07-12 09:50:47,553 - qtpyvcp.hal.hal_qlib - DEBUG - Adding HAL pin: qtpyvcp.1in29.flash (bit in)
2022-07-12 09:50:47,553 - qtpyvcp.hal.hal_qlib - DEBUG - Adding HAL pin: qtpyvcp.1in29.flash-rate (u32 in)
2022-07-12 09:50:47,554 - qtpyvcp.hal - DEBUG - Using existing HAL component: qtpyvcp
2022-07-12 09:50:47,554 - qtpyvcp.hal.hal_qlib - DEBUG - Adding HAL pin: qtpyvcp.1in9.on (bit in)
2022-07-12 09:50:47,554 - qtpyvcp.hal.hal_qlib - DEBUG - Adding HAL pin: qtpyvcp.1in9.flash (bit in)
2022-07-12 09:50:47,554 - qtpyvcp.hal.hal_qlib - DEBUG - Adding HAL pin: qtpyvcp.1in9.flash-rate (u32 in)
2022-07-12 09:50:47,554 - qtpyvcp.hal - DEBUG - Using existing HAL component: qtpyvcp
2022-07-12 09:50:47,554 - qtpyvcp.hal.hal_qlib - DEBUG - Adding HAL pin: qtpyvcp.1in7.on (bit in)
2022-07-12 09:50:47,555 - qtpyvcp.hal.hal_qlib - DEBUG - Adding HAL pin: qtpyvcp.1in7.flash (bit in)
2022-07-12 09:50:47,555 - qtpyvcp.hal.hal_qlib - DEBUG - Adding HAL pin: qtpyvcp.1in7.flash-rate (u32 in)
2022-07-12 09:50:47,555 - qtpyvcp.hal - DEBUG - Using existing HAL component: qtpyvcp
2022-07-12 09:50:47,555 - qtpyvcp.hal.hal_qlib - DEBUG - Adding HAL pin: qtpyvcp.2in23.on (bit in)
2022-07-12 09:50:47,555 - qtpyvcp.hal.hal_qlib - DEBUG - Adding HAL pin: qtpyvcp.2in23.flash (bit in)
2022-07-12 09:50:47,555 - qtpyvcp.hal.hal_qlib - DEBUG - Adding HAL pin: qtpyvcp.2in23.flash-rate (u32 in)
2022-07-12 09:50:47,556 - qtpyvcp.hal - DEBUG - Using existing HAL component: qtpyvcp
2022-07-12 09:50:47,556 - qtpyvcp.hal.hal_qlib - DEBUG - Adding HAL pin: qtpyvcp.1in16.on (bit in)
2022-07-12 09:50:47,556 - qtpyvcp.hal.hal_qlib - DEBUG - Adding HAL pin: qtpyvcp.1in16.flash (bit in)
2022-07-12 09:50:47,556 - qtpyvcp.hal.hal_qlib - DEBUG - Adding HAL pin: qtpyvcp.1in16.flash-rate (u32 in)
2022-07-12 09:50:47,556 - qtpyvcp.hal - DEBUG - Using existing HAL component: qtpyvcp
2022-07-12 09:50:47,556 - qtpyvcp.hal.hal_qlib - DEBUG - Adding HAL pin: qtpyvcp.2in25.on (bit in)
2022-07-12 09:50:47,557 - qtpyvcp.hal.hal_qlib - DEBUG - Adding HAL pin: qtpyvcp.2in25.flash (bit in)
2022-07-12 09:50:47,557 - qtpyvcp.hal.hal_qlib - DEBUG - Adding HAL pin: qtpyvcp.2in25.flash-rate (u32 in)
2022-07-12 09:50:47,557 - qtpyvcp.hal - DEBUG - Using existing HAL component: qtpyvcp
2022-07-12 09:50:47,557 - qtpyvcp.hal.hal_qlib - DEBUG - Adding HAL pin: qtpyvcp.2in3.on (bit in)
2022-07-12 09:50:47,557 - qtpyvcp.hal.hal_qlib - DEBUG - Adding HAL pin: qtpyvcp.2in3.flash (bit in)
2022-07-12 09:50:47,557 - qtpyvcp.hal.hal_qlib - DEBUG - Adding HAL pin: qtpyvcp.2in3.flash-rate (u32 in)
2022-07-12 09:50:47,557 - qtpyvcp.hal - DEBUG - Using existing HAL component: qtpyvcp
2022-07-12 09:50:47,558 - qtpyvcp.hal.hal_qlib - DEBUG - Adding HAL pin: qtpyvcp.2out7.on (bit in)
2022-07-12 09:50:47,558 - qtpyvcp.hal.hal_qlib - DEBUG - Adding HAL pin: qtpyvcp.2out7.flash (bit in)
2022-07-12 09:50:47,558 - qtpyvcp.hal.hal_qlib - DEBUG - Adding HAL pin: qtpyvcp.2out7.flash-rate (u32 in)
2022-07-12 09:50:47,559 - qtpyvcp.hal - DEBUG - Using existing HAL component: qtpyvcp
2022-07-12 09:50:47,559 - qtpyvcp.hal.hal_qlib - DEBUG - Adding HAL pin: qtpyvcp.2in29.on (bit in)
2022-07-12 09:50:47,559 - qtpyvcp.hal.hal_qlib - DEBUG - Adding HAL pin: qtpyvcp.2in29.flash (bit in)
2022-07-12 09:50:47,559 - qtpyvcp.hal.hal_qlib - DEBUG - Adding HAL pin: qtpyvcp.2in29.flash-rate (u32 in)
2022-07-12 09:50:47,560 - qtpyvcp.hal - DEBUG - Using existing HAL component: qtpyvcp
2022-07-12 09:50:47,560 - qtpyvcp.hal.hal_qlib - DEBUG - Adding HAL pin: qtpyvcp.2in27.on (bit in)
2022-07-12 09:50:47,560 - qtpyvcp.hal.hal_qlib - DEBUG - Adding HAL pin: qtpyvcp.2in27.flash (bit in)
2022-07-12 09:50:47,560 - qtpyvcp.hal.hal_qlib - DEBUG - Adding HAL pin: qtpyvcp.2in27.flash-rate (u32 in)
2022-07-12 09:50:47,561 - qtpyvcp.hal - DEBUG - Using existing HAL component: qtpyvcp
2022-07-12 09:50:47,561 - qtpyvcp.hal.hal_qlib - DEBUG - Adding HAL pin: qtpyvcp.probe-led.on (bit in)
2022-07-12 09:50:47,561 - qtpyvcp.hal.hal_qlib - DEBUG - Adding HAL pin: qtpyvcp.probe-led.flash (bit in)
2022-07-12 09:50:47,561 - qtpyvcp.hal.hal_qlib - DEBUG - Adding HAL pin: qtpyvcp.probe-led.flash-rate (u32 in)
2022-07-12 09:50:47,561 - qtpyvcp.hal - DEBUG - Using existing HAL component: qtpyvcp
2022-07-12 09:50:47,561 - qtpyvcp.hal.hal_qlib - DEBUG - Adding HAL pin: qtpyvcp.2out13.on (bit in)
2022-07-12 09:50:47,562 - qtpyvcp.hal.hal_qlib - DEBUG - Adding HAL pin: qtpyvcp.2out13.flash (bit in)
2022-07-12 09:50:47,562 - qtpyvcp.hal.hal_qlib - DEBUG - Adding HAL pin: qtpyvcp.2out13.flash-rate (u32 in)
2022-07-12 09:50:47,562 - qtpyvcp.hal - DEBUG - Using existing HAL component: qtpyvcp
2022-07-12 09:50:47,562 - qtpyvcp.hal.hal_qlib - DEBUG - Adding HAL pin: qtpyvcp.2out12.on (bit in)
2022-07-12 09:50:47,562 - qtpyvcp.hal.hal_qlib - DEBUG - Adding HAL pin: qtpyvcp.2out12.flash (bit in)
2022-07-12 09:50:47,562 - qtpyvcp.hal.hal_qlib - DEBUG - Adding HAL pin: qtpyvcp.2out12.flash-rate (u32 in)
2022-07-12 09:50:47,563 - qtpyvcp.hal - DEBUG - Using existing HAL component: qtpyvcp
2022-07-12 09:50:47,563 - qtpyvcp.hal.hal_qlib - DEBUG - Adding HAL pin: qtpyvcp.2out2.on (bit in)
2022-07-12 09:50:47,563 - qtpyvcp.hal.hal_qlib - DEBUG - Adding HAL pin: qtpyvcp.2out2.flash (bit in)
2022-07-12 09:50:47,563 - qtpyvcp.hal.hal_qlib - DEBUG - Adding HAL pin: qtpyvcp.2out2.flash-rate (u32 in)
2022-07-12 09:50:47,563 - qtpyvcp.hal - DEBUG - Using existing HAL component: qtpyvcp
2022-07-12 09:50:47,563 - qtpyvcp.hal.hal_qlib - DEBUG - Adding HAL pin: qtpyvcp.2in7.on (bit in)
2022-07-12 09:50:47,563 - qtpyvcp.hal.hal_qlib - DEBUG - Adding HAL pin: qtpyvcp.2in7.flash (bit in)
2022-07-12 09:50:47,564 - qtpyvcp.hal.hal_qlib - DEBUG - Adding HAL pin: qtpyvcp.2in7.flash-rate (u32 in)
2022-07-12 09:50:47,564 - qtpyvcp.hal - DEBUG - Using existing HAL component: qtpyvcp
2022-07-12 09:50:47,564 - qtpyvcp.hal.hal_qlib - DEBUG - Adding HAL pin: qtpyvcp.2in6.on (bit in)
2022-07-12 09:50:47,564 - qtpyvcp.hal.hal_qlib - DEBUG - Adding HAL pin: qtpyvcp.2in6.flash (bit in)
2022-07-12 09:50:47,564 - qtpyvcp.hal.hal_qlib - DEBUG - Adding HAL pin: qtpyvcp.2in6.flash-rate (u32 in)
2022-07-12 09:50:47,565 - qtpyvcp.hal - DEBUG - Using existing HAL component: qtpyvcp
2022-07-12 09:50:47,565 - qtpyvcp.hal.hal_qlib - DEBUG - Adding HAL pin: qtpyvcp.1in24.on (bit in)
2022-07-12 09:50:47,565 - qtpyvcp.hal.hal_qlib - DEBUG - Adding HAL pin: qtpyvcp.1in24.flash (bit in)
2022-07-12 09:50:47,565 - qtpyvcp.hal.hal_qlib - DEBUG - Adding HAL pin: qtpyvcp.1in24.flash-rate (u32 in)
2022-07-12 09:50:47,565 - qtpyvcp.hal - DEBUG - Using existing HAL component: qtpyvcp
2022-07-12 09:50:47,566 - qtpyvcp.hal.hal_qlib - DEBUG - Adding HAL pin: qtpyvcp.1out7.on (bit in)
2022-07-12 09:50:47,566 - qtpyvcp.hal.hal_qlib - DEBUG - Adding HAL pin: qtpyvcp.1out7.flash (bit in)
2022-07-12 09:50:47,566 - qtpyvcp.hal.hal_qlib - DEBUG - Adding HAL pin: qtpyvcp.1out7.flash-rate (u32 in)
2022-07-12 09:50:47,566 - qtpyvcp.hal - DEBUG - Using existing HAL component: qtpyvcp
2022-07-12 09:50:47,566 - qtpyvcp.hal.hal_qlib - DEBUG - Adding HAL pin: qtpyvcp.1in22.on (bit in)
2022-07-12 09:50:47,566 - qtpyvcp.hal.hal_qlib - DEBUG - Adding HAL pin: qtpyvcp.1in22.flash (bit in)
2022-07-12 09:50:47,566 - qtpyvcp.hal.hal_qlib - DEBUG - Adding HAL pin: qtpyvcp.1in22.flash-rate (u32 in)
2022-07-12 09:50:47,567 - qtpyvcp.hal - DEBUG - Using existing HAL component: qtpyvcp
2022-07-12 09:50:47,567 - qtpyvcp.hal.hal_qlib - DEBUG - Adding HAL pin: qtpyvcp.1in10.on (bit in)
2022-07-12 09:50:47,567 - qtpyvcp.hal.hal_qlib - DEBUG - Adding HAL pin: qtpyvcp.1in10.flash (bit in)
2022-07-12 09:50:47,567 - qtpyvcp.hal.hal_qlib - DEBUG - Adding HAL pin: qtpyvcp.1in10.flash-rate (u32 in)
2022-07-12 09:50:47,568 - qtpyvcp.hal - DEBUG - Using existing HAL component: qtpyvcp
2022-07-12 09:50:47,568 - qtpyvcp.hal.hal_qlib - DEBUG - Adding HAL pin: qtpyvcp.1out15.on (bit in)
2022-07-12 09:50:47,568 - qtpyvcp.hal.hal_qlib - DEBUG - Adding HAL pin: qtpyvcp.1out15.flash (bit in)
2022-07-12 09:50:47,568 - qtpyvcp.hal.hal_qlib - DEBUG - Adding HAL pin: qtpyvcp.1out15.flash-rate (u32 in)
2022-07-12 09:50:47,569 - qtpyvcp.hal - DEBUG - Using existing HAL component: qtpyvcp
2022-07-12 09:50:47,569 - qtpyvcp.hal.hal_qlib - DEBUG - Adding HAL pin: qtpyvcp.2out8.on (bit in)
2022-07-12 09:50:47,569 - qtpyvcp.hal.hal_qlib - DEBUG - Adding HAL pin: qtpyvcp.2out8.flash (bit in)
2022-07-12 09:50:47,569 - qtpyvcp.hal.hal_qlib - DEBUG - Adding HAL pin: qtpyvcp.2out8.flash-rate (u32 in)
2022-07-12 09:50:47,569 - qtpyvcp.hal - DEBUG - Using existing HAL component: qtpyvcp
2022-07-12 09:50:47,569 - qtpyvcp.hal.hal_qlib - DEBUG - Adding HAL pin: qtpyvcp.1out6.on (bit in)
2022-07-12 09:50:47,569 - qtpyvcp.hal.hal_qlib - DEBUG - Adding HAL pin: qtpyvcp.1out6.flash (bit in)
2022-07-12 09:50:47,570 - qtpyvcp.hal.hal_qlib - DEBUG - Adding HAL pin: qtpyvcp.1out6.flash-rate (u32 in)
2022-07-12 09:50:47,572 - qtpyvcp.hal - DEBUG - Using existing HAL component: qtpyvcp
2022-07-12 09:50:47,572 - qtpyvcp.hal.hal_qlib - DEBUG - Adding HAL pin: qtpyvcp.2in17.on (bit in)
2022-07-12 09:50:47,572 - qtpyvcp.hal.hal_qlib - DEBUG - Adding HAL pin: qtpyvcp.2in17.flash (bit in)
2022-07-12 09:50:47,572 - qtpyvcp.hal.hal_qlib - DEBUG - Adding HAL pin: qtpyvcp.2in17.flash-rate (u32 in)
2022-07-12 09:50:47,572 - qtpyvcp.hal - DEBUG - Using existing HAL component: qtpyvcp
2022-07-12 09:50:47,573 - qtpyvcp.hal.hal_qlib - DEBUG - Adding HAL pin: qtpyvcp.2out14.on (bit in)
2022-07-12 09:50:47,573 - qtpyvcp.hal.hal_qlib - DEBUG - Adding HAL pin: qtpyvcp.2out14.flash (bit in)
2022-07-12 09:50:47,573 - qtpyvcp.hal.hal_qlib - DEBUG - Adding HAL pin: qtpyvcp.2out14.flash-rate (u32 in)
2022-07-12 09:50:47,573 - qtpyvcp.hal - DEBUG - Using existing HAL component: qtpyvcp
2022-07-12 09:50:47,574 - qtpyvcp.hal.hal_qlib - DEBUG - Adding HAL pin: qtpyvcp.1out9.on (bit in)
2022-07-12 09:50:47,574 - qtpyvcp.hal.hal_qlib - DEBUG - Adding HAL pin: qtpyvcp.1out9.flash (bit in)
2022-07-12 09:50:47,574 - qtpyvcp.hal.hal_qlib - DEBUG - Adding HAL pin: qtpyvcp.1out9.flash-rate (u32 in)
2022-07-12 09:50:47,574 - qtpyvcp.hal - DEBUG - Using existing HAL component: qtpyvcp
2022-07-12 09:50:47,574 - qtpyvcp.hal.hal_qlib - DEBUG - Adding HAL pin: qtpyvcp.1out8.on (bit in)
2022-07-12 09:50:47,575 - qtpyvcp.hal.hal_qlib - DEBUG - Adding HAL pin: qtpyvcp.1out8.flash (bit in)
2022-07-12 09:50:47,575 - qtpyvcp.hal.hal_qlib - DEBUG - Adding HAL pin: qtpyvcp.1out8.flash-rate (u32 in)
2022-07-12 09:50:47,575 - qtpyvcp.hal - DEBUG - Using existing HAL component: qtpyvcp
2022-07-12 09:50:47,576 - qtpyvcp.hal.hal_qlib - DEBUG - Adding HAL pin: qtpyvcp.1out10.on (bit in)
2022-07-12 09:50:47,576 - qtpyvcp.hal.hal_qlib - DEBUG - Adding HAL pin: qtpyvcp.1out10.flash (bit in)
2022-07-12 09:50:47,576 - qtpyvcp.hal.hal_qlib - DEBUG - Adding HAL pin: qtpyvcp.1out10.flash-rate (u32 in)
2022-07-12 09:50:47,576 - qtpyvcp.hal - DEBUG - Using existing HAL component: qtpyvcp
2022-07-12 09:50:47,576 - qtpyvcp.hal.hal_qlib - DEBUG - Adding HAL pin: qtpyvcp.2in12.on (bit in)
2022-07-12 09:50:47,576 - qtpyvcp.hal.hal_qlib - DEBUG - Adding HAL pin: qtpyvcp.2in12.flash (bit in)
2022-07-12 09:50:47,576 - qtpyvcp.hal.hal_qlib - DEBUG - Adding HAL pin: qtpyvcp.2in12.flash-rate (u32 in)
2022-07-12 09:50:47,577 - qtpyvcp.hal - DEBUG - Using existing HAL component: qtpyvcp
2022-07-12 09:50:47,577 - qtpyvcp.hal.hal_qlib - DEBUG - Adding HAL pin: qtpyvcp.2in1.on (bit in)
2022-07-12 09:50:47,577 - qtpyvcp.hal.hal_qlib - DEBUG - Adding HAL pin: qtpyvcp.2in1.flash (bit in)
2022-07-12 09:50:47,578 - qtpyvcp.hal.hal_qlib - DEBUG - Adding HAL pin: qtpyvcp.2in1.flash-rate (u32 in)
2022-07-12 09:50:47,586 - qtpyvcp.hal - DEBUG - Using existing HAL component: qtpyvcp
2022-07-12 09:50:47,586 - qtpyvcp.hal.hal_qlib - DEBUG - Adding HAL pin: qtpyvcp.1in14.on (bit in)
2022-07-12 09:50:47,586 - qtpyvcp.hal.hal_qlib - DEBUG - Adding HAL pin: qtpyvcp.1in14.flash (bit in)
2022-07-12 09:50:47,586 - qtpyvcp.hal.hal_qlib - DEBUG - Adding HAL pin: qtpyvcp.1in14.flash-rate (u32 in)
2022-07-12 09:50:47,587 - qtpyvcp.hal - DEBUG - Using existing HAL component: qtpyvcp
2022-07-12 09:50:47,587 - qtpyvcp.hal.hal_qlib - DEBUG - Adding HAL pin: qtpyvcp.1out1.on (bit in)
2022-07-12 09:50:47,589 - qtpyvcp.hal.hal_qlib - DEBUG - Adding HAL pin: qtpyvcp.1out1.flash (bit in)
2022-07-12 09:50:47,590 - qtpyvcp.hal.hal_qlib - DEBUG - Adding HAL pin: qtpyvcp.1out1.flash-rate (u32 in)
2022-07-12 09:50:47,590 - qtpyvcp.hal - DEBUG - Using existing HAL component: qtpyvcp
2022-07-12 09:50:47,590 - qtpyvcp.hal.hal_qlib - DEBUG - Adding HAL pin: qtpyvcp.2in28.on (bit in)
2022-07-12 09:50:47,590 - qtpyvcp.hal.hal_qlib - DEBUG - Adding HAL pin: qtpyvcp.2in28.flash (bit in)
2022-07-12 09:50:47,590 - qtpyvcp.hal.hal_qlib - DEBUG - Adding HAL pin: qtpyvcp.2in28.flash-rate (u32 in)
2022-07-12 09:50:47,590 - qtpyvcp.hal - DEBUG - Using existing HAL component: qtpyvcp
2022-07-12 09:50:47,590 - qtpyvcp.hal.hal_qlib - DEBUG - Adding HAL pin: qtpyvcp.2in10.on (bit in)
2022-07-12 09:50:47,591 - qtpyvcp.hal.hal_qlib - DEBUG - Adding HAL pin: qtpyvcp.2in10.flash (bit in)
2022-07-12 09:50:47,591 - qtpyvcp.hal.hal_qlib - DEBUG - Adding HAL pin: qtpyvcp.2in10.flash-rate (u32 in)
2022-07-12 09:50:47,593 - qtpyvcp.hal - DEBUG - Using existing HAL component: qtpyvcp
2022-07-12 09:50:47,593 - qtpyvcp.hal.hal_qlib - DEBUG - Adding HAL pin: qtpyvcp.2out16.on (bit in)
2022-07-12 09:50:47,594 - qtpyvcp.hal.hal_qlib - DEBUG - Adding HAL pin: qtpyvcp.2out16.flash (bit in)
2022-07-12 09:50:47,594 - qtpyvcp.hal.hal_qlib - DEBUG - Adding HAL pin: qtpyvcp.2out16.flash-rate (u32 in)
2022-07-12 09:50:47,594 - qtpyvcp.hal - DEBUG - Using existing HAL component: qtpyvcp
2022-07-12 09:50:47,594 - qtpyvcp.hal.hal_qlib - DEBUG - Adding HAL pin: qtpyvcp.1in17.on (bit in)
2022-07-12 09:50:47,594 - qtpyvcp.hal.hal_qlib - DEBUG - Adding HAL pin: qtpyvcp.1in17.flash (bit in)
2022-07-12 09:50:47,594 - qtpyvcp.hal.hal_qlib - DEBUG - Adding HAL pin: qtpyvcp.1in17.flash-rate (u32 in)
2022-07-12 09:50:47,595 - qtpyvcp.hal - DEBUG - Using existing HAL component: qtpyvcp
2022-07-12 09:50:47,595 - qtpyvcp.hal.hal_qlib - DEBUG - Adding HAL pin: qtpyvcp.2in19.on (bit in)
2022-07-12 09:50:47,595 - qtpyvcp.hal.hal_qlib - DEBUG - Adding HAL pin: qtpyvcp.2in19.flash (bit in)
2022-07-12 09:50:47,595 - qtpyvcp.hal.hal_qlib - DEBUG - Adding HAL pin: qtpyvcp.2in19.flash-rate (u32 in)
2022-07-12 09:50:47,595 - qtpyvcp.hal - DEBUG - Using existing HAL component: qtpyvcp
2022-07-12 09:50:47,595 - qtpyvcp.hal.hal_qlib - DEBUG - Adding HAL pin: qtpyvcp.2in32.on (bit in)
2022-07-12 09:50:47,595 - qtpyvcp.hal.hal_qlib - DEBUG - Adding HAL pin: qtpyvcp.2in32.flash (bit in)
2022-07-12 09:50:47,596 - qtpyvcp.hal.hal_qlib - DEBUG - Adding HAL pin: qtpyvcp.2in32.flash-rate (u32 in)
2022-07-12 09:50:47,596 - qtpyvcp.hal - DEBUG - Using existing HAL component: qtpyvcp
2022-07-12 09:50:47,596 - qtpyvcp.hal.hal_qlib - DEBUG - Adding HAL pin: qtpyvcp.2in8.on (bit in)
2022-07-12 09:50:47,596 - qtpyvcp.hal.hal_qlib - DEBUG - Adding HAL pin: qtpyvcp.2in8.flash (bit in)
2022-07-12 09:50:47,596 - qtpyvcp.hal.hal_qlib - DEBUG - Adding HAL pin: qtpyvcp.2in8.flash-rate (u32 in)
2022-07-12 09:50:47,597 - qtpyvcp.hal - DEBUG - Using existing HAL component: qtpyvcp
2022-07-12 09:50:47,597 - qtpyvcp.hal.hal_qlib - DEBUG - Adding HAL pin: qtpyvcp.1in3.on (bit in)
2022-07-12 09:50:47,602 - qtpyvcp.hal.hal_qlib - DEBUG - Adding HAL pin: qtpyvcp.1in3.flash (bit in)
2022-07-12 09:50:47,602 - qtpyvcp.hal.hal_qlib - DEBUG - Adding HAL pin: qtpyvcp.1in3.flash-rate (u32 in)
2022-07-12 09:50:47,602 - qtpyvcp.hal - DEBUG - Using existing HAL component: qtpyvcp
2022-07-12 09:50:47,602 - qtpyvcp.hal.hal_qlib - DEBUG - Adding HAL pin: qtpyvcp.1in8.on (bit in)
2022-07-12 09:50:47,602 - qtpyvcp.hal.hal_qlib - DEBUG - Adding HAL pin: qtpyvcp.1in8.flash (bit in)
2022-07-12 09:50:47,602 - qtpyvcp.hal.hal_qlib - DEBUG - Adding HAL pin: qtpyvcp.1in8.flash-rate (u32 in)
2022-07-12 09:50:47,603 - qtpyvcp.hal - DEBUG - Using existing HAL component: qtpyvcp
2022-07-12 09:50:47,603 - qtpyvcp.hal.hal_qlib - DEBUG - Adding HAL pin: qtpyvcp.1in30.on (bit in)
2022-07-12 09:50:47,603 - qtpyvcp.hal.hal_qlib - DEBUG - Adding HAL pin: qtpyvcp.1in30.flash (bit in)
2022-07-12 09:50:47,603 - qtpyvcp.hal.hal_qlib - DEBUG - Adding HAL pin: qtpyvcp.1in30.flash-rate (u32 in)
2022-07-12 09:50:47,603 - qtpyvcp.hal - DEBUG - Using existing HAL component: qtpyvcp
2022-07-12 09:50:47,603 - qtpyvcp.hal.hal_qlib - DEBUG - Adding HAL pin: qtpyvcp.1in18.on (bit in)
2022-07-12 09:50:47,603 - qtpyvcp.hal.hal_qlib - DEBUG - Adding HAL pin: qtpyvcp.1in18.flash (bit in)
2022-07-12 09:50:47,604 - qtpyvcp.hal.hal_qlib - DEBUG - Adding HAL pin: qtpyvcp.1in18.flash-rate (u32 in)
2022-07-12 09:50:47,604 - qtpyvcp.hal - DEBUG - Using existing HAL component: qtpyvcp
2022-07-12 09:50:47,604 - qtpyvcp.hal.hal_qlib - DEBUG - Adding HAL pin: qtpyvcp.spindle-encoder-rpm.enable (bit in)
2022-07-12 09:50:47,605 - qtpyvcp.hal.hal_qlib - DEBUG - Adding HAL pin: qtpyvcp.spindle-encoder-rpm.in (float in)
2022-07-12 09:50:47,605 - qtpyvcp.hal - DEBUG - Using existing HAL component: qtpyvcp
2022-07-12 09:50:47,605 - qtpyvcp.hal.hal_qlib - DEBUG - Adding HAL pin: qtpyvcp.1in32.on (bit in)
2022-07-12 09:50:47,605 - qtpyvcp.hal.hal_qlib - DEBUG - Adding HAL pin: qtpyvcp.1in32.flash (bit in)
2022-07-12 09:50:47,605 - qtpyvcp.hal.hal_qlib - DEBUG - Adding HAL pin: qtpyvcp.1in32.flash-rate (u32 in)
2022-07-12 09:50:47,606 - qtpyvcp.hal - DEBUG - Using existing HAL component: qtpyvcp
2022-07-12 09:50:47,606 - qtpyvcp.hal.hal_qlib - DEBUG - Adding HAL pin: qtpyvcp.2in31.on (bit in)
2022-07-12 09:50:47,606 - qtpyvcp.hal.hal_qlib - DEBUG - Adding HAL pin: qtpyvcp.2in31.flash (bit in)
2022-07-12 09:50:47,607 - qtpyvcp.hal.hal_qlib - DEBUG - Adding HAL pin: qtpyvcp.2in31.flash-rate (u32 in)
2022-07-12 09:50:47,607 - qtpyvcp.hal - DEBUG - Using existing HAL component: qtpyvcp
2022-07-12 09:50:47,607 - qtpyvcp.hal.hal_qlib - DEBUG - Adding HAL pin: qtpyvcp.1out11.on (bit in)
2022-07-12 09:50:47,607 - qtpyvcp.hal.hal_qlib - DEBUG - Adding HAL pin: qtpyvcp.1out11.flash (bit in)
2022-07-12 09:50:47,612 - qtpyvcp.hal.hal_qlib - DEBUG - Adding HAL pin: qtpyvcp.1out11.flash-rate (u32 in)
2022-07-12 09:50:47,612 - qtpyvcp.hal - DEBUG - Using existing HAL component: qtpyvcp
2022-07-12 09:50:47,612 - qtpyvcp.hal.hal_qlib - DEBUG - Adding HAL pin: qtpyvcp.1in26.on (bit in)
2022-07-12 09:50:47,612 - qtpyvcp.hal.hal_qlib - DEBUG - Adding HAL pin: qtpyvcp.1in26.flash (bit in)
2022-07-12 09:50:47,612 - qtpyvcp.hal.hal_qlib - DEBUG - Adding HAL pin: qtpyvcp.1in26.flash-rate (u32 in)
2022-07-12 09:50:47,613 - qtpyvcp.hal - DEBUG - Using existing HAL component: qtpyvcp
2022-07-12 09:50:47,613 - qtpyvcp.hal.hal_qlib - DEBUG - Adding HAL pin: qtpyvcp.1in4.on (bit in)
2022-07-12 09:50:47,613 - qtpyvcp.hal.hal_qlib - DEBUG - Adding HAL pin: qtpyvcp.1in4.flash (bit in)
2022-07-12 09:50:47,613 - qtpyvcp.hal.hal_qlib - DEBUG - Adding HAL pin: qtpyvcp.1in4.flash-rate (u32 in)
2022-07-12 09:50:47,613 - qtpyvcp.hal - DEBUG - Using existing HAL component: qtpyvcp
2022-07-12 09:50:47,613 - qtpyvcp.hal.hal_qlib - DEBUG - Adding HAL pin: qtpyvcp.1in27.on (bit in)
2022-07-12 09:50:47,613 - qtpyvcp.hal.hal_qlib - DEBUG - Adding HAL pin: qtpyvcp.1in27.flash (bit in)
2022-07-12 09:50:47,613 - qtpyvcp.hal.hal_qlib - DEBUG - Adding HAL pin: qtpyvcp.1in27.flash-rate (u32 in)
2022-07-12 09:50:47,614 - qtpyvcp.hal - DEBUG - Using existing HAL component: qtpyvcp
2022-07-12 09:50:47,614 - qtpyvcp.hal.hal_qlib - DEBUG - Adding HAL pin: qtpyvcp.1in28.on (bit in)
2022-07-12 09:50:47,614 - qtpyvcp.hal.hal_qlib - DEBUG - Adding HAL pin: qtpyvcp.1in28.flash (bit in)
2022-07-12 09:50:47,614 - qtpyvcp.hal.hal_qlib - DEBUG - Adding HAL pin: qtpyvcp.1in28.flash-rate (u32 in)
2022-07-12 09:50:47,614 - qtpyvcp.hal - DEBUG - Using existing HAL component: qtpyvcp
2022-07-12 09:50:47,615 - qtpyvcp.hal.hal_qlib - DEBUG - Adding HAL pin: qtpyvcp.2out9.on (bit in)
2022-07-12 09:50:47,615 - qtpyvcp.hal.hal_qlib - DEBUG - Adding HAL pin: qtpyvcp.2out9.flash (bit in)
2022-07-12 09:50:47,615 - qtpyvcp.hal.hal_qlib - DEBUG - Adding HAL pin: qtpyvcp.2out9.flash-rate (u32 in)
2022-07-12 09:50:47,615 - qtpyvcp.hal - DEBUG - Using existing HAL component: qtpyvcp
2022-07-12 09:50:47,615 - qtpyvcp.hal.hal_qlib - DEBUG - Adding HAL pin: qtpyvcp.2in14.on (bit in)
2022-07-12 09:50:47,615 - qtpyvcp.hal.hal_qlib - DEBUG - Adding HAL pin: qtpyvcp.2in14.flash (bit in)
2022-07-12 09:50:47,616 - qtpyvcp.hal.hal_qlib - DEBUG - Adding HAL pin: qtpyvcp.2in14.flash-rate (u32 in)
2022-07-12 09:50:47,616 - qtpyvcp.hal - DEBUG - Using existing HAL component: qtpyvcp
2022-07-12 09:50:47,616 - qtpyvcp.hal.hal_qlib - DEBUG - Adding HAL pin: qtpyvcp.2in4.on (bit in)
2022-07-12 09:50:47,616 - qtpyvcp.hal.hal_qlib - DEBUG - Adding HAL pin: qtpyvcp.2in4.flash (bit in)
2022-07-12 09:50:47,616 - qtpyvcp.hal.hal_qlib - DEBUG - Adding HAL pin: qtpyvcp.2in4.flash-rate (u32 in)
2022-07-12 09:50:47,617 - qtpyvcp.hal - DEBUG - Using existing HAL component: qtpyvcp
2022-07-12 09:50:47,617 - qtpyvcp.hal.hal_qlib - DEBUG - Adding HAL pin: qtpyvcp.2in11.on (bit in)
2022-07-12 09:50:47,617 - qtpyvcp.hal.hal_qlib - DEBUG - Adding HAL pin: qtpyvcp.2in11.flash (bit in)
2022-07-12 09:50:47,622 - qtpyvcp.hal.hal_qlib - DEBUG - Adding HAL pin: qtpyvcp.2in11.flash-rate (u32 in)
2022-07-12 09:50:47,622 - qtpyvcp.hal - DEBUG - Using existing HAL component: qtpyvcp
2022-07-12 09:50:47,622 - qtpyvcp.hal.hal_qlib - DEBUG - Adding HAL pin: qtpyvcp.2out3.on (bit in)
2022-07-12 09:50:47,622 - qtpyvcp.hal.hal_qlib - DEBUG - Adding HAL pin: qtpyvcp.2out3.flash (bit in)
2022-07-12 09:50:47,622 - qtpyvcp.hal.hal_qlib - DEBUG - Adding HAL pin: qtpyvcp.2out3.flash-rate (u32 in)
2022-07-12 09:50:47,623 - qtpyvcp.hal - DEBUG - Using existing HAL component: qtpyvcp
2022-07-12 09:50:47,624 - qtpyvcp.hal.hal_qlib - DEBUG - Adding HAL pin: qtpyvcp.2in22.on (bit in)
2022-07-12 09:50:47,624 - qtpyvcp.hal.hal_qlib - DEBUG - Adding HAL pin: qtpyvcp.2in22.flash (bit in)
2022-07-12 09:50:47,624 - qtpyvcp.hal.hal_qlib - DEBUG - Adding HAL pin: qtpyvcp.2in22.flash-rate (u32 in)
2022-07-12 09:50:47,624 - qtpyvcp.hal - DEBUG - Using existing HAL component: qtpyvcp
2022-07-12 09:50:47,624 - qtpyvcp.hal.hal_qlib - DEBUG - Adding HAL pin: qtpyvcp.2in13.on (bit in)
2022-07-12 09:50:47,624 - qtpyvcp.hal.hal_qlib - DEBUG - Adding HAL pin: qtpyvcp.2in13.flash (bit in)
2022-07-12 09:50:47,625 - qtpyvcp.hal.hal_qlib - DEBUG - Adding HAL pin: qtpyvcp.2in13.flash-rate (u32 in)
2022-07-12 09:50:47,625 - qtpyvcp.hal - DEBUG - Using existing HAL component: qtpyvcp
2022-07-12 09:50:47,625 - qtpyvcp.hal.hal_qlib - DEBUG - Adding HAL pin: qtpyvcp.2in18.on (bit in)
2022-07-12 09:50:47,625 - qtpyvcp.hal.hal_qlib - DEBUG - Adding HAL pin: qtpyvcp.2in18.flash (bit in)
2022-07-12 09:50:47,625 - qtpyvcp.hal.hal_qlib - DEBUG - Adding HAL pin: qtpyvcp.2in18.flash-rate (u32 in)
2022-07-12 09:50:47,626 - qtpyvcp.hal - DEBUG - Using existing HAL component: qtpyvcp
2022-07-12 09:50:47,626 - qtpyvcp.hal.hal_qlib - DEBUG - Adding HAL pin: qtpyvcp.1in2.on (bit in)
2022-07-12 09:50:47,626 - qtpyvcp.hal.hal_qlib - DEBUG - Adding HAL pin: qtpyvcp.1in2.flash (bit in)
2022-07-12 09:50:47,626 - qtpyvcp.hal.hal_qlib - DEBUG - Adding HAL pin: qtpyvcp.1in2.flash-rate (u32 in)
2022-07-12 09:50:47,627 - qtpyvcp.hal - DEBUG - Using existing HAL component: qtpyvcp
2022-07-12 09:50:47,627 - qtpyvcp.hal.hal_qlib - DEBUG - Adding HAL pin: qtpyvcp.1out2.on (bit in)
2022-07-12 09:50:47,627 - qtpyvcp.hal.hal_qlib - DEBUG - Adding HAL pin: qtpyvcp.1out2.flash (bit in)
2022-07-12 09:50:47,627 - qtpyvcp.hal.hal_qlib - DEBUG - Adding HAL pin: qtpyvcp.1out2.flash-rate (u32 in)
2022-07-12 09:50:47,638 - qtpyvcp.hal - DEBUG - Using existing HAL component: qtpyvcp
2022-07-12 09:50:47,638 - qtpyvcp.hal.hal_qlib - DEBUG - Adding HAL pin: qtpyvcp.2out1.on (bit in)
2022-07-12 09:50:47,638 - qtpyvcp.hal.hal_qlib - DEBUG - Adding HAL pin: qtpyvcp.2out1.flash (bit in)
2022-07-12 09:50:47,638 - qtpyvcp.hal.hal_qlib - DEBUG - Adding HAL pin: qtpyvcp.2out1.flash-rate (u32 in)
2022-07-12 09:50:47,639 - qtpyvcp.hal - DEBUG - Using existing HAL component: qtpyvcp
2022-07-12 09:50:47,639 - qtpyvcp.hal.hal_qlib - DEBUG - Adding HAL pin: qtpyvcp.1out3.on (bit in)
2022-07-12 09:50:47,639 - qtpyvcp.hal.hal_qlib - DEBUG - Adding HAL pin: qtpyvcp.1out3.flash (bit in)
2022-07-12 09:50:47,639 - qtpyvcp.hal.hal_qlib - DEBUG - Adding HAL pin: qtpyvcp.1out3.flash-rate (u32 in)
2022-07-12 09:50:47,639 - qtpyvcp.hal - DEBUG - Using existing HAL component: qtpyvcp
2022-07-12 09:50:47,640 - qtpyvcp.hal.hal_qlib - DEBUG - Adding HAL pin: qtpyvcp.1in1.on (bit in)
2022-07-12 09:50:47,640 - qtpyvcp.hal.hal_qlib - DEBUG - Adding HAL pin: qtpyvcp.1in1.flash (bit in)
2022-07-12 09:50:47,640 - qtpyvcp.hal.hal_qlib - DEBUG - Adding HAL pin: qtpyvcp.1in1.flash-rate (u32 in)
2022-07-12 09:50:47,640 - qtpyvcp.hal - DEBUG - Using existing HAL component: qtpyvcp
2022-07-12 09:50:47,640 - qtpyvcp.hal.hal_qlib - DEBUG - Adding HAL pin: qtpyvcp.2out10.on (bit in)
2022-07-12 09:50:47,640 - qtpyvcp.hal.hal_qlib - DEBUG - Adding HAL pin: qtpyvcp.2out10.flash (bit in)
2022-07-12 09:50:47,640 - qtpyvcp.hal.hal_qlib - DEBUG - Adding HAL pin: qtpyvcp.2out10.flash-rate (u32 in)
2022-07-12 09:50:47,641 - qtpyvcp.hal - DEBUG - Using existing HAL component: qtpyvcp
2022-07-12 09:50:47,641 - qtpyvcp.hal.hal_qlib - DEBUG - Adding HAL pin: qtpyvcp.1in5.on (bit in)
2022-07-12 09:50:47,641 - qtpyvcp.hal.hal_qlib - DEBUG - Adding HAL pin: qtpyvcp.1in5.flash (bit in)
2022-07-12 09:50:47,641 - qtpyvcp.hal.hal_qlib - DEBUG - Adding HAL pin: qtpyvcp.1in5.flash-rate (u32 in)
2022-07-12 09:50:47,641 - qtpyvcp.hal - DEBUG - Using existing HAL component: qtpyvcp
2022-07-12 09:50:47,641 - qtpyvcp.hal.hal_qlib - DEBUG - Adding HAL pin: qtpyvcp.2out11.on (bit in)
2022-07-12 09:50:47,641 - qtpyvcp.hal.hal_qlib - DEBUG - Adding HAL pin: qtpyvcp.2out11.flash (bit in)
2022-07-12 09:50:47,642 - qtpyvcp.hal.hal_qlib - DEBUG - Adding HAL pin: qtpyvcp.2out11.flash-rate (u32 in)
2022-07-12 09:50:47,642 - qtpyvcp.hal - DEBUG - Using existing HAL component: qtpyvcp
2022-07-12 09:50:47,642 - qtpyvcp.hal.hal_qlib - DEBUG - Adding HAL pin: qtpyvcp.2out4.on (bit in)
2022-07-12 09:50:47,642 - qtpyvcp.hal.hal_qlib - DEBUG - Adding HAL pin: qtpyvcp.2out4.flash (bit in)
2022-07-12 09:50:47,642 - qtpyvcp.hal.hal_qlib - DEBUG - Adding HAL pin: qtpyvcp.2out4.flash-rate (u32 in)
2022-07-12 09:50:47,643 - qtpyvcp.hal - DEBUG - Using existing HAL component: qtpyvcp
2022-07-12 09:50:47,643 - qtpyvcp.hal.hal_qlib - DEBUG - Adding HAL pin: qtpyvcp.1in19.on (bit in)
2022-07-12 09:50:47,643 - qtpyvcp.hal.hal_qlib - DEBUG - Adding HAL pin: qtpyvcp.1in19.flash (bit in)
2022-07-12 09:50:47,643 - qtpyvcp.hal.hal_qlib - DEBUG - Adding HAL pin: qtpyvcp.1in19.flash-rate (u32 in)
2022-07-12 09:50:47,644 - qtpyvcp.app.launcher - DEBUG - Time: 6.672 (+0.152) - done initializing widgets
2022-07-12 09:51:27,443 - qtpyvcp - DEBUG - Terminating widgets
2022-07-12 09:51:27,450 - qtpyvcp.plugins - DEBUG - Terminating 'virtual_input' plugin
2022-07-12 09:51:27,450 - qtpyvcp.plugins - DEBUG - Terminating 'file_locations' plugin
2022-07-12 09:51:27,450 - qtpyvcp.plugins - DEBUG - Terminating 'notifications' plugin
2022-07-12 09:51:27,450 - qtpyvcp.plugins - DEBUG - Terminating 'offsettable' plugin
2022-07-12 09:51:27,451 - qtpyvcp.plugins - DEBUG - Terminating 'tooltable' plugin
2022-07-12 09:51:27,451 - qtpyvcp.plugins - DEBUG - Terminating 'position' plugin
2022-07-12 09:51:27,451 - qtpyvcp.plugins - DEBUG - Terminating 'settings' plugin
2022-07-12 09:51:27,451 - qtpyvcp.plugins - DEBUG - Terminating 'persistent_data_manager' plugin
2022-07-12 09:51:27,451 - qtpyvcp.plugins.persistent_data_manager - DEBUG - Writing persistent data to file: /home/travis/linuxcnc/configs/sim.qtpyvcp/.vcp_persistent_data.pickle
2022-07-12 09:51:27,452 - qtpyvcp.plugins - DEBUG - Terminating 'status' plugin
