2022-01-09 15:52:33,819 - QTvcp - INFO - Logging to "/home/travis/linuxcnc/configs/sim.qtvcp_screens.qtdragon-1/qtdragon.log"
2022-01-09 15:52:38,870 - QTvcp.QTVCP.QT_PSTAT - INFO - Using DEFAULT handler file path: /usr/share/qtvcp/screens/qtdragon_hd/qtdragon_hd_handler.py
2022-01-09 15:52:38,870 - QTvcp.QTVCP.QT_PSTAT - INFO - Using DEFAULT ui file from /usr/share/qtvcp/screens/qtdragon_hd/qtdragon_hd.ui
2022-01-09 15:52:38,870 - QTvcp.QTVCP.QT_PSTAT - INFO - No qss file found
2022-01-09 15:52:38,870 - QTvcp.QTVCP.QT_PSTAT - INFO - Using DEFAULT qrc file from /usr/share/qtvcp/screens/qtdragon_hd/qtdragon_hd.qrc
2022-01-09 15:52:38,870 - QTvcp.QTVCP.QT_PSTAT - INFO - Resources.py file needs to be compiled at: /home/travis/linuxcnc/configs/sim.qtvcp_screens.qtdragon-1/qtvcp/screens/qtdragon_hd/resources.py
2022-01-09 15:52:38,884 - QTvcp.QTVCP.QT_PSTAT - INFO - Using no translations. Default system locale is: en
2022-01-09 15:52:38,884 - QTvcp - INFO - Building A Linuxcnc Main Screen with Python 3
2022-01-09 15:52:38,884 - QTvcp - INFO - No handler file specified on command line
2022-01-09 15:52:38,884 - QTvcp - INFO - No HAL component base name specified on command line using: qtdragon_hd
2022-01-09 15:52:38,901 - QTvcp.QTVCP.QT_MAKEGUI - INFO - Qsettings file path: /home/travis/.config/QtVcp/qtdragon_hd.conf
2022-01-09 15:52:39,602 - QTvcp.QTVCP.QT_MAKEGUI - INFO - Compiling qrc: /usr/share/qtvcp/screens/qtdragon_hd/qtdragon_hd.qrc to 
 /home/travis/linuxcnc/configs/sim.qtvcp_screens.qtdragon-1/qtvcp/screens/qtdragon_hd/resources.py
2022-01-09 15:52:40,030 - QTvcp.QTVCP.QT_MAKEGUI - INFO - Imported resources.py filed: /home/travis/linuxcnc/configs/sim.qtvcp_screens.qtdragon-1/qtvcp/screens/qtdragon_hd/resources.py
2022-01-09 15:52:46,465 - QTvcp.QTVCP.QT_MAKEPINS - INFO - Changed HAL Component basename to qtdragon, as specified in screenOptions: 
2022-01-09 15:52:48,353 - QTvcp.QTDRAGON_HD_HANDLER - INFO - Using Basic Probe
2022-01-09 15:52:49,053 - QTvcp.QTVCP.QT_MAKEGUI - INFO - no Handler Override file at: /home/travis/linuxcnc/configs/sim.qtvcp_screens.qtdragon-1/.qtdragon_hdrc
2022-01-09 15:52:49,604 - QTvcp - INFO - postgui filename: ['qtdragon_postgui.hal']
2022-01-09 15:52:49,656 - QTvcp - INFO - postgui commands: None
2022-01-09 15:52:49,659 - QTvcp - INFO - Preference path: /home/travis/linuxcnc/configs/sim.qtvcp_screens.qtdragon-1/qtdragon.pref
2022-01-09 15:54:04,900 - QTvcp.QTVCP.QT_ACTION - INFO - Homing Joint: -1
